<?xml version="1.0" encoding="UTF-8"?>
<!-- Generated by org.testng.reporters.JUnitReportReporter -->
<testsuite hostname="Vsaroha" name="com.boddess.testscript.Login_Reg" tests="1" failures="0" timestamp="17 Feb 2021 10:26:20 GMT" time="14.950" errors="0">
  <testcase name="Login" time="14.950" classname="com.boddess.testscript.Login_Reg"/>
</testsuite> <!-- com.boddess.testscript.Login_Reg -->
