<?xml version="1.0" encoding="UTF-8"?>
<!-- Generated by org.testng.reporters.JUnitReportReporter -->
<testsuite hostname="Vsaroha" name="com.boddess.testscript.Homepage" tests="2" failures="0" timestamp="9 Feb 2021 13:00:52 GMT" time="3.918" errors="0">
  <testcase name="Header_Links" time="2.514" classname="com.boddess.testscript.Homepage"/>
  <testcase name="Header_Links1" time="1.404" classname="com.boddess.testscript.Homepage"/>
</testsuite> <!-- com.boddess.testscript.Homepage -->
