<?xml version="1.0" encoding="UTF-8"?>
<!-- Generated by org.testng.reporters.JUnitReportReporter -->
<testsuite hostname="Vsaroha" name="com.boddess.testscript.Homepage" tests="2" failures="0" timestamp="19 Mar 2021 07:42:31 GMT" time="5.137" errors="0">
  <testcase name="Header_Links" time="4.402" classname="com.boddess.testscript.Homepage"/>
  <testcase name="Header_Links1" time="0.735" classname="com.boddess.testscript.Homepage"/>
</testsuite> <!-- com.boddess.testscript.Homepage -->
