<?xml version="1.0" encoding="UTF-8"?>
<!-- Generated by org.testng.reporters.JUnitReportReporter -->
<testsuite hostname="Vsaroha" name="com.boddess.testscript.Homepage" tests="2" failures="0" timestamp="17 Mar 2021 08:47:53 GMT" time="5.549" errors="0">
  <testcase name="Header_Links" time="3.489" classname="com.boddess.testscript.Homepage"/>
  <testcase name="Header_Links1" time="2.060" classname="com.boddess.testscript.Homepage"/>
</testsuite> <!-- com.boddess.testscript.Homepage -->
