<?xml version="1.0" encoding="UTF-8"?>
<!-- Generated by org.testng.reporters.JUnitReportReporter -->
<testsuite hostname="Vsaroha" name="com.boddess.testscript.Homepage" tests="2" failures="0" timestamp="1 Apr 2021 07:02:42 GMT" time="2.690" errors="0">
  <testcase name="Header_Links" time="1.673" classname="com.boddess.testscript.Homepage"/>
  <testcase name="Header_Links1" time="1.017" classname="com.boddess.testscript.Homepage"/>
</testsuite> <!-- com.boddess.testscript.Homepage -->
