<?xml version="1.0" encoding="UTF-8"?>
<!-- Generated by org.testng.reporters.JUnitReportReporter -->
<testsuite hostname="Vsaroha" name="com.boddess.testscript.Homepage" tests="2" failures="0" timestamp="22 Mar 2021 07:27:28 GMT" time="5.190" errors="0">
  <testcase name="Header_Links" time="3.765" classname="com.boddess.testscript.Homepage"/>
  <testcase name="Header_Links1" time="1.425" classname="com.boddess.testscript.Homepage"/>
</testsuite> <!-- com.boddess.testscript.Homepage -->
