<?xml version="1.0" encoding="UTF-8"?>
<!-- Generated by org.testng.reporters.JUnitReportReporter -->
<testsuite hostname="Sbabu" name="com.boddess.testscript.Homepage" tests="1" failures="0" timestamp="24 Dec 2020 05:45:54 GMT" time="1.607" errors="0">
  <testcase name="Header_Links" time="1.607" classname="com.boddess.testscript.Homepage"/>
</testsuite> <!-- com.boddess.testscript.Homepage -->
