<?xml version="1.0" encoding="UTF-8"?>
<!-- Generated by org.testng.reporters.JUnitReportReporter -->
<testsuite hostname="Vsaroha" name="com.boddess.testscript.Login_Reg" tests="1" failures="0" timestamp="22 Mar 2021 07:27:28 GMT" time="16.042" errors="0">
  <testcase name="Login" time="16.042" classname="com.boddess.testscript.Login_Reg"/>
</testsuite> <!-- com.boddess.testscript.Login_Reg -->
