<?xml version="1.0" encoding="UTF-8"?>
<!-- Generated by org.testng.reporters.JUnitReportReporter -->
<testsuite hostname="AYUSH-HOB" name="com.boddess.testscript.Homepage" tests="3" failures="0" timestamp="1 Sep 2022 10:04:10 GMT" time="13.731" errors="0">
  <testcase name="cat_Navigation" time="12.935" classname="com.boddess.testscript.Homepage"/>
  <testcase name="Header_Links" time="0.349" classname="com.boddess.testscript.Homepage"/>
  <testcase name="Header_Links1" time="0.447" classname="com.boddess.testscript.Homepage"/>
</testsuite> <!-- com.boddess.testscript.Homepage -->
