<?xml version="1.0" encoding="UTF-8"?>
<!-- Generated by org.testng.reporters.JUnitReportReporter -->
<testsuite hostname="Vsaroha" name="com.boddess.testscript.Login_Reg" tests="1" failures="0" timestamp="17 Mar 2021 08:47:53 GMT" time="14.502" errors="0">
  <testcase name="Login" time="14.502" classname="com.boddess.testscript.Login_Reg"/>
</testsuite> <!-- com.boddess.testscript.Login_Reg -->
