<?xml version="1.0" encoding="UTF-8"?>
<!-- Generated by org.testng.reporters.JUnitReportReporter -->
<testsuite hostname="Vsaroha" name="com.boddess.testscript.Homepage" tests="2" failures="0" timestamp="6 Apr 2021 13:47:18 GMT" time="6.189" errors="0">
  <testcase name="Header_Links" time="4.987" classname="com.boddess.testscript.Homepage"/>
  <testcase name="Header_Links1" time="1.202" classname="com.boddess.testscript.Homepage"/>
</testsuite> <!-- com.boddess.testscript.Homepage -->
