<?xml version="1.0" encoding="UTF-8"?>
<!-- Generated by org.testng.reporters.JUnitReportReporter -->
<testsuite hostname="Vsaroha" name="com.boddess.testscript.Homepage" tests="2" failures="0" timestamp="17 Feb 2021 10:26:20 GMT" time="6.074" errors="0">
  <testcase name="Header_Links" time="4.887" classname="com.boddess.testscript.Homepage"/>
  <testcase name="Header_Links1" time="1.187" classname="com.boddess.testscript.Homepage"/>
</testsuite> <!-- com.boddess.testscript.Homepage -->
