<?xml version="1.0" encoding="UTF-8"?>
<!-- Generated by org.testng.reporters.JUnitReportReporter -->
<testsuite hostname="AYUSH-HOB" failures="0" tests="1" name="com.boddess.testscript.Login_Reg" time="27.234" errors="0" timestamp="24 Aug 2022 05:15:25 GMT">
  <testcase classname="com.boddess.testscript.Login_Reg" name="Login" time="27.234"/>
</testsuite> <!-- com.boddess.testscript.Login_Reg -->
