<?xml version="1.0" encoding="UTF-8"?>
<!-- Generated by org.testng.reporters.JUnitReportReporter -->
<testsuite hostname="AYUSH-HOB" failures="0" tests="1" name="com.boddess.testscript.LoginCheckout" time="45.764" errors="0" timestamp="24 Aug 2022 05:15:25 GMT">
  <testcase classname="com.boddess.testscript.LoginCheckout" name="Login" time="45.764"/>
</testsuite> <!-- com.boddess.testscript.LoginCheckout -->
