<?xml version="1.0" encoding="UTF-8"?>
<!-- Generated by org.testng.reporters.JUnitReportReporter -->
<testsuite hostname="Ayush-HOB" failures="0" tests="3" name="com.boddess.testscript.Homepage" time="22.406" errors="0" timestamp="22 Jun 2021 05:30:17 GMT">
  <testcase classname="com.boddess.testscript.Homepage" name="Header_Links" time="0.873"/>
  <testcase classname="com.boddess.testscript.Homepage" name="cat_Navigation" time="21.180"/>
  <testcase classname="com.boddess.testscript.Homepage" name="Header_Links1" time="0.353"/>
</testsuite> <!-- com.boddess.testscript.Homepage -->
