<?xml version="1.0" encoding="UTF-8"?>
<!-- Generated by org.testng.reporters.JUnitReportReporter -->
<testsuite hostname="AYUSH-HOB" failures="0" tests="10" name="com.boddess.testscript.PDP" time="9.482" errors="0" timestamp="15 Aug 2022 18:22:41 GMT">
  <testcase classname="com.boddess.testscript.PDP" name="breadcrumbs_pdp" time="0.044"/>
  <testcase classname="com.boddess.testscript.PDP" name="prd_name" time="3.863"/>
  <testcase classname="com.boddess.testscript.PDP" name="wish" time="0.173"/>
  <testcase classname="com.boddess.testscript.PDP" name="qty_addtoCart" time="0.439"/>
  <testcase classname="com.boddess.testscript.PDP" name="social" time="0.329"/>
  <testcase classname="com.boddess.testscript.PDP" name="prices_pdp" time="0.078"/>
  <testcase classname="com.boddess.testscript.PDP" name="Pincode_Validation" time="3.239"/>
  <testcase classname="com.boddess.testscript.PDP" name="ProductDetailSection" time="0.063"/>
  <testcase classname="com.boddess.testscript.PDP" name="Pincode_Validation_correct" time="1.055"/>
  <testcase classname="com.boddess.testscript.PDP" name="Product_Image" time="0.199"/>
</testsuite> <!-- com.boddess.testscript.PDP -->
