<?xml version="1.0" encoding="UTF-8"?>
<!-- Generated by org.testng.reporters.JUnitReportReporter -->
<testsuite hostname="Ayush-HOB" failures="0" tests="10" name="com.boddess.testscript.PDP" time="46.362" errors="0" timestamp="22 Jun 2021 05:30:17 GMT">
  <testcase classname="com.boddess.testscript.PDP" name="prd_name" time="45.179"/>
  <testcase classname="com.boddess.testscript.PDP" name="social" time="0.093"/>
  <testcase classname="com.boddess.testscript.PDP" name="qty_addtoCart" time="0.089"/>
  <testcase classname="com.boddess.testscript.PDP" name="wish" time="0.046"/>
  <testcase classname="com.boddess.testscript.PDP" name="Product_Image" time="0.056"/>
  <testcase classname="com.boddess.testscript.PDP" name="Pincode_Validation" time="0.157"/>
  <testcase classname="com.boddess.testscript.PDP" name="prices_pdp" time="0.028"/>
  <testcase classname="com.boddess.testscript.PDP" name="breadcrumbs_pdp" time="0.047"/>
  <testcase classname="com.boddess.testscript.PDP" name="Pincode_Validation_correct" time="0.480"/>
  <testcase classname="com.boddess.testscript.PDP" name="ProductDetailSection" time="0.187"/>
</testsuite> <!-- com.boddess.testscript.PDP -->
