<?xml version="1.0" encoding="UTF-8"?>
<!-- Generated by org.testng.reporters.JUnitReportReporter -->
<testsuite hostname="AYUSH-HOB" failures="0" tests="2" name="com.boddess.testscript.PLP" time="8.333" errors="0" timestamp="15 Aug 2022 18:22:41 GMT">
  <testcase classname="com.boddess.testscript.PLP" name="bread_plp" time="0.318"/>
  <testcase classname="com.boddess.testscript.PLP" name="static_plp" time="8.015"/>
</testsuite> <!-- com.boddess.testscript.PLP -->
