<?xml version="1.0" encoding="UTF-8"?>
<!-- Generated by org.testng.reporters.JUnitReportReporter -->
<testsuite hostname="Ayush-HOB" failures="0" tests="1" name="com.boddess.testscript.Login_Reg" time="9.687" errors="0" timestamp="22 Jun 2021 05:30:17 GMT">
  <testcase classname="com.boddess.testscript.Login_Reg" name="Login" time="9.687"/>
</testsuite> <!-- com.boddess.testscript.Login_Reg -->
