<?xml version="1.0" encoding="UTF-8"?>
<!-- Generated by org.testng.reporters.JUnitReportReporter -->
<testsuite hostname="AYUSH-HOB" failures="0" tests="1" name="com.boddess.testscript.Login_Reg" time="29.691" errors="0" timestamp="6 Sep 2022 05:04:19 GMT">
  <testcase classname="com.boddess.testscript.Login_Reg" name="Login" time="29.691"/>
</testsuite> <!-- com.boddess.testscript.Login_Reg -->
