<?xml version="1.0" encoding="UTF-8"?>
<!-- Generated by org.testng.reporters.JUnitReportReporter -->
<testsuite hostname="Ayush-HOB" failures="0" tests="3" name="com.boddess.testscript.PLP" time="14.952" errors="0" timestamp="22 Jun 2021 05:30:17 GMT">
  <testcase classname="com.boddess.testscript.PLP" name="static_plp" time="2.516"/>
  <testcase classname="com.boddess.testscript.PLP" name="bread_plp" time="6.254"/>
  <testcase classname="com.boddess.testscript.PLP" name="plp" time="6.182"/>
</testsuite> <!-- com.boddess.testscript.PLP -->
