<?xml version="1.0" encoding="UTF-8"?>
<!-- Generated by org.testng.reporters.JUnitReportReporter -->
<testsuite hostname="AYUSH-HOB" failures="0" tests="10" name="com.boddess.testscript.PDP" time="4.094" errors="0" timestamp="22 Nov 2021 11:49:16 GMT">
  <testcase classname="com.boddess.testscript.PDP" name="wish" time="0.135"/>
  <testcase classname="com.boddess.testscript.PDP" name="prices_pdp" time="0.174"/>
  <testcase classname="com.boddess.testscript.PDP" name="Pincode_Validation" time="0.142"/>
  <testcase classname="com.boddess.testscript.PDP" name="ProductDetailSection" time="0.500"/>
  <testcase classname="com.boddess.testscript.PDP" name="social" time="0.554"/>
  <testcase classname="com.boddess.testscript.PDP" name="Pincode_Validation_correct" time="0.567"/>
  <testcase classname="com.boddess.testscript.PDP" name="prd_name" time="1.587"/>
  <testcase classname="com.boddess.testscript.PDP" name="qty_addtoCart" time="0.292"/>
  <testcase classname="com.boddess.testscript.PDP" name="Product_Image" time="0.039"/>
  <testcase classname="com.boddess.testscript.PDP" name="breadcrumbs_pdp" time="0.104"/>
</testsuite> <!-- com.boddess.testscript.PDP -->
