<?xml version="1.0" encoding="UTF-8"?>
<!-- Generated by org.testng.reporters.JUnitReportReporter -->
<testsuite hostname="AYUSH-HOB" failures="0" tests="3" name="com.boddess.testscript.Homepage" time="39.033" errors="0" timestamp="22 Nov 2021 11:49:16 GMT">
  <testcase classname="com.boddess.testscript.Homepage" name="Header_Links1" time="0.773"/>
  <testcase classname="com.boddess.testscript.Homepage" name="cat_Navigation" time="37.299"/>
  <testcase classname="com.boddess.testscript.Homepage" name="Header_Links" time="0.961"/>
</testsuite> <!-- com.boddess.testscript.Homepage -->
