<?xml version="1.0" encoding="UTF-8"?>
<!-- Generated by org.testng.reporters.JUnitReportReporter -->
<testsuite hostname="Ayush-HOB" failures="0" tests="6" name="com.boddess.testscript.MyAccount" time="4.240" errors="0" timestamp="3 Aug 2021 10:15:03 GMT">
  <testcase classname="com.boddess.testscript.MyAccount" name="DefaultBillingAddress" time="0.047"/>
  <testcase classname="com.boddess.testscript.MyAccount" name="Newsletter" time="0.044"/>
  <testcase classname="com.boddess.testscript.MyAccount" name="DefaultShippingAddress" time="0.044"/>
  <testcase classname="com.boddess.testscript.MyAccount" name="ManageAddressLink" time="0.044"/>
  <testcase classname="com.boddess.testscript.MyAccount" name="ChangePassword" time="0.095"/>
  <testcase classname="com.boddess.testscript.MyAccount" name="ContactDetails" time="3.966"/>
</testsuite> <!-- com.boddess.testscript.MyAccount -->
