<?xml version="1.0" encoding="UTF-8"?>
<!-- Generated by org.testng.reporters.JUnitReportReporter -->
<testsuite hostname="AYUSH-HOB" failures="0" tests="10" name="com.boddess.testscript.PDP" time="6.173" errors="0" timestamp="1 Sep 2022 09:35:32 GMT">
  <testcase classname="com.boddess.testscript.PDP" name="prices_pdp" time="0.074"/>
  <testcase classname="com.boddess.testscript.PDP" name="prd_name" time="0.667"/>
  <testcase classname="com.boddess.testscript.PDP" name="wish" time="0.728"/>
  <testcase classname="com.boddess.testscript.PDP" name="social" time="0.467"/>
  <testcase classname="com.boddess.testscript.PDP" name="breadcrumbs_pdp" time="0.043"/>
  <testcase classname="com.boddess.testscript.PDP" name="Pincode_Validation_correct" time="0.411"/>
  <testcase classname="com.boddess.testscript.PDP" name="qty_addtoCart" time="0.394"/>
  <testcase classname="com.boddess.testscript.PDP" name="Product_Image" time="0.088"/>
  <testcase classname="com.boddess.testscript.PDP" name="ProductDetailSection" time="0.072"/>
  <testcase classname="com.boddess.testscript.PDP" name="Pincode_Validation" time="3.229"/>
</testsuite> <!-- com.boddess.testscript.PDP -->
