<?xml version="1.0" encoding="UTF-8"?>
<!-- Generated by org.testng.reporters.JUnitReportReporter -->
<testsuite hostname="AYUSH-HOB" failures="0" tests="3" name="com.boddess.testscript.Homepage" time="39.508" errors="0" timestamp="31 Mar 2022 05:57:40 GMT">
  <testcase classname="com.boddess.testscript.Homepage" name="cat_Navigation" time="38.779"/>
  <testcase classname="com.boddess.testscript.Homepage" name="Header_Links" time="0.428"/>
  <testcase classname="com.boddess.testscript.Homepage" name="Header_Links1" time="0.301"/>
</testsuite> <!-- com.boddess.testscript.Homepage -->
