<?xml version="1.0" encoding="UTF-8"?>
<!-- Generated by org.testng.reporters.JUnitReportReporter -->
<testsuite hostname="AYUSH-HOB" failures="0" tests="10" name="com.boddess.testscript.PDP" time="7.943" errors="0" timestamp="24 Aug 2022 05:15:25 GMT">
  <testcase classname="com.boddess.testscript.PDP" name="prices_pdp" time="0.056"/>
  <testcase classname="com.boddess.testscript.PDP" name="social" time="0.375"/>
  <testcase classname="com.boddess.testscript.PDP" name="Pincode_Validation" time="3.142"/>
  <testcase classname="com.boddess.testscript.PDP" name="Pincode_Validation_correct" time="0.452"/>
  <testcase classname="com.boddess.testscript.PDP" name="prd_name" time="3.221"/>
  <testcase classname="com.boddess.testscript.PDP" name="Product_Image" time="0.134"/>
  <testcase classname="com.boddess.testscript.PDP" name="ProductDetailSection" time="0.066"/>
  <testcase classname="com.boddess.testscript.PDP" name="wish" time="0.084"/>
  <testcase classname="com.boddess.testscript.PDP" name="qty_addtoCart" time="0.370"/>
  <testcase classname="com.boddess.testscript.PDP" name="breadcrumbs_pdp" time="0.043"/>
</testsuite> <!-- com.boddess.testscript.PDP -->
