<?xml version="1.0" encoding="UTF-8"?>
<!-- Generated by org.testng.reporters.JUnitReportReporter -->
<testsuite hostname="Ayush-HOB" failures="0" tests="1" name="com.boddess.testscript.Login_Reg" time="11.052" errors="0" timestamp="3 Aug 2021 10:15:03 GMT">
  <testcase classname="com.boddess.testscript.Login_Reg" name="Login" time="11.052"/>
</testsuite> <!-- com.boddess.testscript.Login_Reg -->
