<?xml version="1.0" encoding="UTF-8"?>
<!-- Generated by org.testng.reporters.JUnitReportReporter -->
<testsuite hostname="AYUSH-HOB" failures="0" tests="6" name="com.boddess.testscript.MyAccount" time="3.034" errors="0" timestamp="31 Mar 2022 09:35:24 GMT">
  <testcase classname="com.boddess.testscript.MyAccount" name="DefaultShippingAddress" time="0.066"/>
  <testcase classname="com.boddess.testscript.MyAccount" name="DefaultBillingAddress" time="0.123"/>
  <testcase classname="com.boddess.testscript.MyAccount" name="ChangePassword" time="0.357"/>
  <testcase classname="com.boddess.testscript.MyAccount" name="ManageAddressLink" time="0.038"/>
  <testcase classname="com.boddess.testscript.MyAccount" name="ContactDetails" time="2.374"/>
  <testcase classname="com.boddess.testscript.MyAccount" name="Newsletter" time="0.076"/>
</testsuite> <!-- com.boddess.testscript.MyAccount -->
