<?xml version="1.0" encoding="UTF-8"?>
<!-- Generated by org.testng.reporters.JUnitReportReporter -->
<testsuite hostname="Ayush-HOB" failures="0" tests="1" name="com.boddess.testscript.Login_Reg" time="7.117" errors="0" timestamp="17 May 2021 10:13:14 GMT">
  <testcase classname="com.boddess.testscript.Login_Reg" name="Login" time="7.117"/>
</testsuite> <!-- com.boddess.testscript.Login_Reg -->
