<?xml version="1.0" encoding="UTF-8"?>
<!-- Generated by org.testng.reporters.JUnitReportReporter -->
<testsuite hostname="Ayush-HOB" failures="0" tests="6" name="com.boddess.testscript.MyAccount" time="2.607" errors="0" timestamp="22 Jun 2021 05:30:17 GMT">
  <testcase classname="com.boddess.testscript.MyAccount" name="DefaultBillingAddress" time="0.045"/>
  <testcase classname="com.boddess.testscript.MyAccount" name="Newsletter" time="0.045"/>
  <testcase classname="com.boddess.testscript.MyAccount" name="DefaultShippingAddress" time="0.045"/>
  <testcase classname="com.boddess.testscript.MyAccount" name="ManageAddressLink" time="0.044"/>
  <testcase classname="com.boddess.testscript.MyAccount" name="ChangePassword" time="0.091"/>
  <testcase classname="com.boddess.testscript.MyAccount" name="ContactDetails" time="2.337"/>
</testsuite> <!-- com.boddess.testscript.MyAccount -->
