<?xml version="1.0" encoding="UTF-8"?>
<!-- Generated by org.testng.reporters.JUnitReportReporter -->
<testsuite hostname="AYUSH-HOB" failures="0" tests="1" name="com.boddess.testscript.PrepaidCheckout" time="77.499" errors="0" timestamp="6 Sep 2022 05:04:19 GMT">
  <testcase classname="com.boddess.testscript.PrepaidCheckout" name="PrePaidCheckout" time="77.499"/>
</testsuite> <!-- com.boddess.testscript.PrepaidCheckout -->
