<?xml version="1.0" encoding="UTF-8"?>
<!-- Generated by org.testng.reporters.JUnitReportReporter -->
<testsuite hostname="Vsaroha" name="com.boddess.testscript.Homepage" tests="2" failures="0" timestamp="3 Mar 2021 05:43:40 GMT" time="6.712" errors="0">
  <testcase name="Header_Links1" time="1.232" classname="com.boddess.testscript.Homepage"/>
  <testcase name="Header_Links" time="5.480" classname="com.boddess.testscript.Homepage"/>
</testsuite> <!-- com.boddess.testscript.Homepage -->
