<?xml version="1.0" encoding="UTF-8"?>
<!-- Generated by org.testng.reporters.JUnitReportReporter -->
<testsuite hostname="AYUSH-HOB" failures="0" tests="1" name="com.boddess.testscript.BrokenLinks" time="861.749" errors="0" timestamp="29 Aug 2022 05:50:37 GMT">
  <testcase classname="com.boddess.testscript.BrokenLinks" name="Broken_Links" time="861.749"/>
</testsuite> <!-- com.boddess.testscript.BrokenLinks -->
