<?xml version="1.0" encoding="UTF-8"?>
<!-- Generated by org.testng.reporters.JUnitReportReporter -->
<testsuite hostname="AYUSH-HOB" failures="0" tests="3" name="com.boddess.testscript.Homepage" time="34.978" errors="0" timestamp="15 Aug 2022 18:22:41 GMT">
  <testcase classname="com.boddess.testscript.Homepage" name="Header_Links" time="1.364"/>
  <testcase classname="com.boddess.testscript.Homepage" name="cat_Navigation" time="33.231"/>
  <testcase classname="com.boddess.testscript.Homepage" name="Header_Links1" time="0.383"/>
</testsuite> <!-- com.boddess.testscript.Homepage -->
