<?xml version="1.0" encoding="UTF-8"?>
<!-- Generated by org.testng.reporters.JUnitReportReporter -->
<testsuite hostname="Vsaroha" name="com.boddess.testscript.PDP" tests="7" failures="0" timestamp="24 Feb 2021 06:11:30 GMT" time="102.523" errors="0">
  <testcase name="prd_name" time="100.002" classname="com.boddess.testscript.PDP"/>
  <testcase name="wish" time="0.184" classname="com.boddess.testscript.PDP"/>
  <testcase name="social" time="0.293" classname="com.boddess.testscript.PDP"/>
  <testcase name="Product_Image" time="0.125" classname="com.boddess.testscript.PDP"/>
  <testcase name="Pincode_Validation" time="1.313" classname="com.boddess.testscript.PDP"/>
  <testcase name="prices_pdp" time="0.093" classname="com.boddess.testscript.PDP"/>
  <testcase name="qty_addtoCart" time="0.513" classname="com.boddess.testscript.PDP"/>
</testsuite> <!-- com.boddess.testscript.PDP -->
