<?xml version="1.0" encoding="UTF-8"?>
<!-- Generated by org.testng.reporters.JUnitReportReporter -->
<testsuite hostname="AYUSH-HOB" failures="0" tests="1" name="com.boddess.testscript.Login_Reg" time="13.867" errors="0" timestamp="31 Mar 2022 09:35:24 GMT">
  <testcase classname="com.boddess.testscript.Login_Reg" name="Login" time="13.867"/>
</testsuite> <!-- com.boddess.testscript.Login_Reg -->
