<?xml version="1.0" encoding="UTF-8"?>
<!-- Generated by org.testng.reporters.JUnitReportReporter -->
<testsuite hostname="AYUSH-HOB" failures="0" tests="1" name="com.boddess.testscript.Login_Reg" time="12.948" errors="0" timestamp="8 Apr 2022 07:08:41 GMT">
  <testcase classname="com.boddess.testscript.Login_Reg" name="Login" time="12.948"/>
</testsuite> <!-- com.boddess.testscript.Login_Reg -->
