<?xml version="1.0" encoding="UTF-8"?>
<!-- Generated by org.testng.reporters.JUnitReportReporter -->
<testsuite hostname="AYUSH-HOB" failures="0" tests="2" name="com.boddess.testscript.PLP" time="4.207" errors="0" timestamp="6 Sep 2022 05:04:19 GMT">
  <testcase classname="com.boddess.testscript.PLP" name="bread_plp" time="0.309"/>
  <testcase classname="com.boddess.testscript.PLP" name="static_plp" time="3.898"/>
</testsuite> <!-- com.boddess.testscript.PLP -->
