<?xml version="1.0" encoding="UTF-8"?>
<!-- Generated by org.testng.reporters.JUnitReportReporter -->
<testsuite hostname="AYUSH-HOB" failures="0" tests="2" name="com.boddess.testscript.PLP" time="10.036" errors="0" timestamp="8 Apr 2022 07:08:41 GMT">
  <testcase classname="com.boddess.testscript.PLP" name="bread_plp" time="0.301"/>
  <testcase classname="com.boddess.testscript.PLP" name="static_plp" time="9.735"/>
</testsuite> <!-- com.boddess.testscript.PLP -->
