<?xml version="1.0" encoding="UTF-8"?>
<!-- Generated by org.testng.reporters.JUnitReportReporter -->
<testsuite hostname="AYUSH-HOB" failures="0" tests="1" name="com.boddess.testscript.Login_Reg" time="13.775" errors="0" timestamp="22 Nov 2021 11:49:16 GMT">
  <testcase classname="com.boddess.testscript.Login_Reg" name="Login" time="13.775"/>
</testsuite> <!-- com.boddess.testscript.Login_Reg -->
