<?xml version="1.0" encoding="UTF-8"?>
<!-- Generated by org.testng.reporters.JUnitReportReporter -->
<testsuite hostname="AYUSH-HOB" failures="0" tests="2" name="com.boddess.testscript.PLP" time="7.766" errors="0" timestamp="24 Aug 2022 05:15:25 GMT">
  <testcase classname="com.boddess.testscript.PLP" name="bread_plp" time="0.462"/>
  <testcase classname="com.boddess.testscript.PLP" name="static_plp" time="7.304"/>
</testsuite> <!-- com.boddess.testscript.PLP -->
