<?xml version="1.0" encoding="UTF-8"?>
<!-- Generated by org.testng.reporters.JUnitReportReporter -->
<testsuite hostname="AYUSH-HOB" failures="0" tests="6" name="com.boddess.testscript.MyAccount" time="2.837" errors="0" timestamp="31 Mar 2022 05:57:40 GMT">
  <testcase classname="com.boddess.testscript.MyAccount" name="ManageAddressLink" time="0.048"/>
  <testcase classname="com.boddess.testscript.MyAccount" name="ChangePassword" time="0.284"/>
  <testcase classname="com.boddess.testscript.MyAccount" name="ContactDetails" time="2.154"/>
  <testcase classname="com.boddess.testscript.MyAccount" name="DefaultShippingAddress" time="0.050"/>
  <testcase classname="com.boddess.testscript.MyAccount" name="Newsletter" time="0.125"/>
  <testcase classname="com.boddess.testscript.MyAccount" name="DefaultBillingAddress" time="0.176"/>
</testsuite> <!-- com.boddess.testscript.MyAccount -->
