<?xml version="1.0" encoding="UTF-8"?>
<!-- Generated by org.testng.reporters.JUnitReportReporter -->
<testsuite hostname="AYUSH-HOB" failures="0" tests="6" name="com.boddess.testscript.MyAccount" time="10.966" errors="0" timestamp="24 Aug 2022 05:15:25 GMT">
  <testcase classname="com.boddess.testscript.MyAccount" name="DefaultShippingAddress" time="0.066"/>
  <testcase classname="com.boddess.testscript.MyAccount" name="ContactDetails" time="10.363"/>
  <testcase classname="com.boddess.testscript.MyAccount" name="ChangePassword" time="0.335"/>
  <testcase classname="com.boddess.testscript.MyAccount" name="ManageAddressLink" time="0.054"/>
  <testcase classname="com.boddess.testscript.MyAccount" name="Newsletter" time="0.102"/>
  <testcase classname="com.boddess.testscript.MyAccount" name="DefaultBillingAddress" time="0.046"/>
</testsuite> <!-- com.boddess.testscript.MyAccount -->
