<?xml version="1.0" encoding="UTF-8"?>
<!-- Generated by org.testng.reporters.JUnitReportReporter -->
<testsuite hostname="AYUSH-HOB" failures="0" tests="1" name="com.boddess.testscript.BrokenLinks" time="884.373" errors="0" timestamp="23 Aug 2022 06:12:41 GMT">
  <testcase classname="com.boddess.testscript.BrokenLinks" name="Broken_Links" time="884.373"/>
</testsuite> <!-- com.boddess.testscript.BrokenLinks -->
