<?xml version="1.0" encoding="UTF-8"?>
<!-- Generated by org.testng.reporters.JUnitReportReporter -->
<testsuite hostname="Ayush-HOB" failures="0" tests="10" name="com.boddess.testscript.PDP" time="32.821" errors="0" timestamp="15 May 2021 19:29:00 GMT">
  <testcase classname="com.boddess.testscript.PDP" name="prd_name" time="30.800"/>
  <testcase classname="com.boddess.testscript.PDP" name="qty_addtoCart" time="0.093"/>
  <testcase classname="com.boddess.testscript.PDP" name="Pincode_Validation_correct" time="1.366"/>
  <testcase classname="com.boddess.testscript.PDP" name="wish" time="0.046"/>
  <testcase classname="com.boddess.testscript.PDP" name="breadcrumbs_pdp" time="0.048"/>
  <testcase classname="com.boddess.testscript.PDP" name="ProductDetailSection" time="0.134"/>
  <testcase classname="com.boddess.testscript.PDP" name="social" time="0.092"/>
  <testcase classname="com.boddess.testscript.PDP" name="prices_pdp" time="0.022"/>
  <testcase classname="com.boddess.testscript.PDP" name="Pincode_Validation" time="0.163"/>
  <testcase classname="com.boddess.testscript.PDP" name="Product_Image" time="0.057"/>
</testsuite> <!-- com.boddess.testscript.PDP -->
