<?xml version="1.0" encoding="UTF-8"?>
<!-- Generated by org.testng.reporters.JUnitReportReporter -->
<testsuite hostname="Ayush-HOB" failures="0" tests="3" name="com.boddess.testscript.PLP" time="16.194" errors="0" timestamp="3 Aug 2021 10:15:03 GMT">
  <testcase classname="com.boddess.testscript.PLP" name="static_plp" time="2.892"/>
  <testcase classname="com.boddess.testscript.PLP" name="bread_plp" time="7.604"/>
  <testcase classname="com.boddess.testscript.PLP" name="plp" time="5.698"/>
</testsuite> <!-- com.boddess.testscript.PLP -->
