<?xml version="1.0" encoding="UTF-8"?>
<!-- Generated by org.testng.reporters.JUnitReportReporter -->
<testsuite hostname="Vsaroha" name="com.boddess.testscript.Static_Pages" tests="1" failures="0" timestamp="24 Feb 2021 17:45:57 GMT" time="4.204" errors="0">
  <testcase name="About_Us" time="4.204" classname="com.boddess.testscript.Static_Pages"/>
</testsuite> <!-- com.boddess.testscript.Static_Pages -->
