<?xml version="1.0" encoding="UTF-8"?>
<!-- Generated by org.testng.reporters.JUnitReportReporter -->
<testsuite hostname="Ayush-HOB" failures="0" tests="3" name="com.boddess.testscript.Homepage" time="21.423" errors="0" timestamp="17 May 2021 10:13:14 GMT">
  <testcase classname="com.boddess.testscript.Homepage" name="Header_Links" time="0.477"/>
  <testcase classname="com.boddess.testscript.Homepage" name="cat_Navigation" time="20.596"/>
  <testcase classname="com.boddess.testscript.Homepage" name="Header_Links1" time="0.350"/>
</testsuite> <!-- com.boddess.testscript.Homepage -->
