<?xml version="1.0" encoding="UTF-8"?>
<!-- Generated by org.testng.reporters.JUnitReportReporter -->
<testsuite hostname="AYUSH-HOB" failures="0" tests="1" name="com.boddess.testscript.Login_Reg" time="22.471" errors="0" timestamp="15 Aug 2022 18:22:41 GMT">
  <testcase classname="com.boddess.testscript.Login_Reg" name="Login" time="22.471"/>
</testsuite> <!-- com.boddess.testscript.Login_Reg -->
