<?xml version="1.0" encoding="UTF-8"?>
<!-- Generated by org.testng.reporters.JUnitReportReporter -->
<testsuite hostname="AYUSH-HOB" failures="0" tests="10" name="com.boddess.testscript.PDP" time="9.547" errors="0" timestamp="31 Mar 2022 09:35:24 GMT">
  <testcase classname="com.boddess.testscript.PDP" name="prices_pdp" time="0.028"/>
  <testcase classname="com.boddess.testscript.PDP" name="Pincode_Validation_correct" time="0.579"/>
  <testcase classname="com.boddess.testscript.PDP" name="Product_Image" time="0.058"/>
  <testcase classname="com.boddess.testscript.PDP" name="prd_name" time="5.339"/>
  <testcase classname="com.boddess.testscript.PDP" name="qty_addtoCart" time="0.116"/>
  <testcase classname="com.boddess.testscript.PDP" name="breadcrumbs_pdp" time="0.037"/>
  <testcase classname="com.boddess.testscript.PDP" name="Pincode_Validation" time="3.110"/>
  <testcase classname="com.boddess.testscript.PDP" name="social" time="0.131"/>
  <testcase classname="com.boddess.testscript.PDP" name="wish" time="0.070"/>
  <testcase classname="com.boddess.testscript.PDP" name="ProductDetailSection" time="0.079"/>
</testsuite> <!-- com.boddess.testscript.PDP -->
