<?xml version="1.0" encoding="UTF-8"?>
<!-- Generated by org.testng.reporters.JUnitReportReporter -->
<testsuite hostname="Ayush-HOB" failures="0" tests="3" name="com.boddess.testscript.Homepage" time="22.787" errors="0" timestamp="3 Aug 2021 10:15:03 GMT">
  <testcase classname="com.boddess.testscript.Homepage" name="Header_Links" time="0.624"/>
  <testcase classname="com.boddess.testscript.Homepage" name="cat_Navigation" time="21.890"/>
  <testcase classname="com.boddess.testscript.Homepage" name="Header_Links1" time="0.273"/>
</testsuite> <!-- com.boddess.testscript.Homepage -->
