<?xml version="1.0" encoding="UTF-8"?>
<!-- Generated by org.testng.reporters.JUnitReportReporter -->
<testsuite hostname="AYUSH-HOB" failures="0" tests="3" name="com.boddess.testscript.Homepage" time="55.596" errors="0" timestamp="8 Apr 2022 07:08:41 GMT">
  <testcase classname="com.boddess.testscript.Homepage" name="cat_Navigation" time="54.684"/>
  <testcase classname="com.boddess.testscript.Homepage" name="Header_Links" time="0.545"/>
  <testcase classname="com.boddess.testscript.Homepage" name="Header_Links1" time="0.367"/>
</testsuite> <!-- com.boddess.testscript.Homepage -->
