<?xml version="1.0" encoding="UTF-8"?>
<!-- Generated by org.testng.reporters.JUnitReportReporter -->
<testsuite hostname="AYUSH-HOB" failures="0" tests="6" name="com.boddess.testscript.MyAccount" time="11.257" errors="0" timestamp="1 Sep 2022 09:35:32 GMT">
  <testcase classname="com.boddess.testscript.MyAccount" name="ContactDetails" time="10.253"/>
  <testcase classname="com.boddess.testscript.MyAccount" name="ChangePassword" time="0.357"/>
  <testcase classname="com.boddess.testscript.MyAccount" name="DefaultBillingAddress" time="0.213"/>
  <testcase classname="com.boddess.testscript.MyAccount" name="ManageAddressLink" time="0.089"/>
  <testcase classname="com.boddess.testscript.MyAccount" name="Newsletter" time="0.234"/>
  <testcase classname="com.boddess.testscript.MyAccount" name="DefaultShippingAddress" time="0.111"/>
</testsuite> <!-- com.boddess.testscript.MyAccount -->
