<?xml version="1.0" encoding="UTF-8"?>
<!-- Generated by org.testng.reporters.JUnitReportReporter -->
<testsuite hostname="Ayush-HOB" failures="0" tests="3" name="com.boddess.testscript.PLP" time="11.941" errors="0" timestamp="17 May 2021 10:13:14 GMT">
  <testcase classname="com.boddess.testscript.PLP" name="static_plp" time="3.467"/>
  <testcase classname="com.boddess.testscript.PLP" name="bread_plp" time="5.244"/>
  <testcase classname="com.boddess.testscript.PLP" name="plp" time="3.230"/>
</testsuite> <!-- com.boddess.testscript.PLP -->
