<?xml version="1.0" encoding="UTF-8"?>
<!-- Generated by org.testng.reporters.JUnitReportReporter -->
<testsuite hostname="AYUSH-HOB" failures="0" tests="2" name="com.boddess.testscript.PLP" time="5.102" errors="0" timestamp="1 Sep 2022 09:35:32 GMT">
  <testcase classname="com.boddess.testscript.PLP" name="bread_plp" time="0.400"/>
  <testcase classname="com.boddess.testscript.PLP" name="static_plp" time="4.702"/>
</testsuite> <!-- com.boddess.testscript.PLP -->
