<?xml version="1.0" encoding="UTF-8"?>
<!-- Generated by org.testng.reporters.JUnitReportReporter -->
<testsuite hostname="AYUSH-HOB" failures="0" tests="2" name="com.boddess.testscript.PLP" time="11.472" errors="0" timestamp="22 Nov 2021 11:49:16 GMT">
  <testcase classname="com.boddess.testscript.PLP" name="static_plp" time="2.890"/>
  <testcase classname="com.boddess.testscript.PLP" name="bread_plp" time="8.582"/>
</testsuite> <!-- com.boddess.testscript.PLP -->
