<?xml version="1.0" encoding="UTF-8"?>
<!-- Generated by org.testng.reporters.JUnitReportReporter -->
<testsuite hostname="AYUSH-HOB" failures="0" tests="6" name="com.boddess.testscript.MyAccount" time="11.467" errors="0" timestamp="6 Sep 2022 05:04:19 GMT">
  <testcase classname="com.boddess.testscript.MyAccount" name="DefaultBillingAddress" time="0.052"/>
  <testcase classname="com.boddess.testscript.MyAccount" name="DefaultShippingAddress" time="0.053"/>
  <testcase classname="com.boddess.testscript.MyAccount" name="ChangePassword" time="0.255"/>
  <testcase classname="com.boddess.testscript.MyAccount" name="ContactDetails" time="10.852"/>
  <testcase classname="com.boddess.testscript.MyAccount" name="Newsletter" time="0.212"/>
  <testcase classname="com.boddess.testscript.MyAccount" name="ManageAddressLink" time="0.043"/>
</testsuite> <!-- com.boddess.testscript.MyAccount -->
