<?xml version="1.0" encoding="UTF-8"?>
<!-- Generated by org.testng.reporters.JUnitReportReporter -->
<testsuite hostname="AYUSH-HOB" failures="0" tests="6" name="com.boddess.testscript.MyAccount" time="7.948" errors="0" timestamp="8 Apr 2022 07:08:41 GMT">
  <testcase classname="com.boddess.testscript.MyAccount" name="DefaultShippingAddress" time="0.048"/>
  <testcase classname="com.boddess.testscript.MyAccount" name="Newsletter" time="0.072"/>
  <testcase classname="com.boddess.testscript.MyAccount" name="ContactDetails" time="7.371"/>
  <testcase classname="com.boddess.testscript.MyAccount" name="ManageAddressLink" time="0.112"/>
  <testcase classname="com.boddess.testscript.MyAccount" name="ChangePassword" time="0.300"/>
  <testcase classname="com.boddess.testscript.MyAccount" name="DefaultBillingAddress" time="0.045"/>
</testsuite> <!-- com.boddess.testscript.MyAccount -->
