<?xml version="1.0" encoding="UTF-8"?>
<!-- Generated by org.testng.reporters.JUnitReportReporter -->
<testsuite hostname="Vsaroha" name="com.boddess.testscript.Login_Reg" tests="1" failures="0" timestamp="4 Feb 2021 05:33:24 GMT" time="25.020" errors="0">
  <testcase name="Login" time="25.020" classname="com.boddess.testscript.Login_Reg"/>
</testsuite> <!-- com.boddess.testscript.Login_Reg -->
