<?xml version="1.0" encoding="UTF-8"?>
<!-- Generated by org.testng.reporters.JUnitReportReporter -->
<testsuite hostname="Ayush-HOB" failures="0" tests="1" name="com.boddess.testscript.Login_Reg" time="6.427" errors="0" timestamp="15 May 2021 19:29:00 GMT">
  <testcase classname="com.boddess.testscript.Login_Reg" name="Login" time="6.427"/>
</testsuite> <!-- com.boddess.testscript.Login_Reg -->
