<?xml version="1.0" encoding="UTF-8"?>
<!-- Generated by org.testng.reporters.JUnitReportReporter -->
<testsuite hostname="Vsaroha" name="com.boddess.testscript.PLP" tests="2" failures="0" timestamp="17 Mar 2021 07:54:13 GMT" time="56.317" errors="0">
  <testcase name="bread_plp" time="29.303" classname="com.boddess.testscript.PLP"/>
  <testcase name="static_plp" time="27.014" classname="com.boddess.testscript.PLP"/>
</testsuite> <!-- com.boddess.testscript.PLP -->
