<?xml version="1.0" encoding="UTF-8"?>
<!-- Generated by org.testng.reporters.JUnitReportReporter -->
<testsuite hostname="Ayush-HOB" failures="0" tests="2" name="com.boddess.testscript.Homepage" time="0.661" errors="0" timestamp="15 May 2021 19:28:59 GMT">
  <testcase classname="com.boddess.testscript.Homepage" name="Header_Links1" time="0.283"/>
  <testcase classname="com.boddess.testscript.Homepage" name="Header_Links" time="0.378"/>
</testsuite> <!-- com.boddess.testscript.Homepage -->
