<?xml version="1.0" encoding="UTF-8"?>
<!-- Generated by org.testng.reporters.JUnitReportReporter -->
<testsuite hostname="AYUSH-HOB" failures="0" tests="1" name="com.boddess.testscript.LoginCheckout" time="55.076" errors="0" timestamp="1 Sep 2022 09:35:32 GMT">
  <testcase classname="com.boddess.testscript.LoginCheckout" name="Login" time="55.076"/>
</testsuite> <!-- com.boddess.testscript.LoginCheckout -->
