<?xml version="1.0" encoding="UTF-8"?>
<!-- Generated by org.testng.reporters.JUnitReportReporter -->
<testsuite hostname="AYUSH-HOB" failures="0" tests="3" name="com.boddess.testscript.Homepage" time="15.507" errors="0" timestamp="1 Sep 2022 09:35:32 GMT">
  <testcase classname="com.boddess.testscript.Homepage" name="Header_Links" time="0.961"/>
  <testcase classname="com.boddess.testscript.Homepage" name="Header_Links1" time="0.933"/>
  <testcase classname="com.boddess.testscript.Homepage" name="cat_Navigation" time="13.613"/>
</testsuite> <!-- com.boddess.testscript.Homepage -->
