<?xml version="1.0" encoding="UTF-8"?>
<!-- Generated by org.testng.reporters.JUnitReportReporter -->
<testsuite hostname="AYUSH-HOB" failures="0" tests="10" name="com.boddess.testscript.PDP" time="12.835" errors="0" timestamp="8 Apr 2022 07:08:41 GMT">
  <testcase classname="com.boddess.testscript.PDP" name="prices_pdp" time="0.030"/>
  <testcase classname="com.boddess.testscript.PDP" name="Product_Image" time="0.043"/>
  <testcase classname="com.boddess.testscript.PDP" name="social" time="0.111"/>
  <testcase classname="com.boddess.testscript.PDP" name="qty_addtoCart" time="0.109"/>
  <testcase classname="com.boddess.testscript.PDP" name="Pincode_Validation" time="3.107"/>
  <testcase classname="com.boddess.testscript.PDP" name="prd_name" time="8.530"/>
  <testcase classname="com.boddess.testscript.PDP" name="wish" time="0.053"/>
  <testcase classname="com.boddess.testscript.PDP" name="ProductDetailSection" time="0.087"/>
  <testcase classname="com.boddess.testscript.PDP" name="breadcrumbs_pdp" time="0.036"/>
  <testcase classname="com.boddess.testscript.PDP" name="Pincode_Validation_correct" time="0.729"/>
</testsuite> <!-- com.boddess.testscript.PDP -->
