<?xml version="1.0" encoding="UTF-8"?>
<!-- Generated by org.testng.reporters.JUnitReportReporter -->
<testsuite hostname="AYUSH-HOB" failures="0" tests="1" name="com.boddess.testscript.CLP" time="0.001" errors="0" timestamp="23 Aug 2022 06:12:41 GMT">
  <testcase classname="com.boddess.testscript.CLP" name="FirstTest" time="0.001"/>
</testsuite> <!-- com.boddess.testscript.CLP -->
