<?xml version="1.0" encoding="UTF-8"?>
<!-- Generated by org.testng.reporters.JUnitReportReporter -->
<testsuite hostname="AYUSH-HOB" failures="0" tests="1" name="com.boddess.testscript.Login_Reg" time="32.413" errors="0" timestamp="1 Sep 2022 10:14:22 GMT">
  <testcase classname="com.boddess.testscript.Login_Reg" name="Login" time="32.413"/>
</testsuite> <!-- com.boddess.testscript.Login_Reg -->
