<?xml version="1.0" encoding="UTF-8"?>
<!-- Generated by org.testng.reporters.JUnitReportReporter -->
<testsuite hostname="AYUSH-HOB" failures="0" tests="6" name="com.boddess.testscript.MyAccount" time="2.636" errors="0" timestamp="15 Aug 2022 18:22:41 GMT">
  <testcase classname="com.boddess.testscript.MyAccount" name="ContactDetails" time="1.901"/>
  <testcase classname="com.boddess.testscript.MyAccount" name="Newsletter" time="0.270"/>
  <testcase classname="com.boddess.testscript.MyAccount" name="ManageAddressLink" time="0.051"/>
  <testcase classname="com.boddess.testscript.MyAccount" name="ChangePassword" time="0.298"/>
  <testcase classname="com.boddess.testscript.MyAccount" name="DefaultShippingAddress" time="0.050"/>
  <testcase classname="com.boddess.testscript.MyAccount" name="DefaultBillingAddress" time="0.066"/>
</testsuite> <!-- com.boddess.testscript.MyAccount -->
