<?xml version="1.0" encoding="UTF-8"?>
<!-- Generated by org.testng.reporters.JUnitReportReporter -->
<testsuite hostname="AYUSH-HOB" failures="0" tests="3" name="com.boddess.testscript.Homepage" time="26.475" errors="0" timestamp="24 Aug 2022 05:15:25 GMT">
  <testcase classname="com.boddess.testscript.Homepage" name="Header_Links" time="0.355"/>
  <testcase classname="com.boddess.testscript.Homepage" name="Header_Links1" time="0.829"/>
  <testcase classname="com.boddess.testscript.Homepage" name="cat_Navigation" time="25.291"/>
</testsuite> <!-- com.boddess.testscript.Homepage -->
