<?xml version="1.0" encoding="UTF-8"?>
<!-- Generated by org.testng.reporters.JUnitReportReporter -->
<testsuite hostname="Ayush-HOB" failures="0" tests="3" name="com.boddess.testscript.PLP" time="13.625" errors="0" timestamp="15 May 2021 19:28:59 GMT">
  <testcase classname="com.boddess.testscript.PLP" name="plp" time="3.649"/>
  <testcase classname="com.boddess.testscript.PLP" name="static_plp" time="4.155"/>
  <testcase classname="com.boddess.testscript.PLP" name="bread_plp" time="5.821"/>
</testsuite> <!-- com.boddess.testscript.PLP -->
