<?xml version="1.0" encoding="UTF-8"?>
<testsuite name="TestSuite" time="38,718.849" tests="23" errors="0" skipped="0" failures="21">
  <properties>
    <property name="java.vendor" value="Oracle Corporation"/>
    <property name="JOB_NAME" value="Boddess_Live"/>
    <property name="RUN_TESTS_DISPLAY_URL" value="http://localhost:8080/job/Boddess_Live/3/display/redirect?page=tests"/>
    <property name="sun.java.launcher" value="SUN_STANDARD"/>
    <property name="NUMBER_OF_PROCESSORS" value="8"/>
    <property name="sun.management.compiler" value="HotSpot 64-Bit Tiered Compilers"/>
    <property name="JENKINS_HOME" value="C:\Users\ayush.sharma\.jenkins"/>
    <property name="FPS_BROWSER_USER_PROFILE_STRING" value="Default"/>
    <property name="HUDSON_SERVER_COOKIE" value="3abc03d840c37942"/>
    <property name="os.name" value="Windows 10"/>
    <property name="sun.boot.class.path" value="C:\Program Files\Java\jdk1.8.0_341\jre\lib\resources.jar;C:\Program Files\Java\jdk1.8.0_341\jre\lib\rt.jar;C:\Program Files\Java\jdk1.8.0_341\jre\lib\jsse.jar;C:\Program Files\Java\jdk1.8.0_341\jre\lib\jce.jar;C:\Program Files\Java\jdk1.8.0_341\jre\lib\charsets.jar;C:\Program Files\Java\jdk1.8.0_341\jre\lib\jfr.jar;C:\Program Files\Java\jdk1.8.0_341\jre\classes"/>
    <property name="EXECUTOR_NUMBER" value="0"/>
    <property name="sun.desktop" value="windows"/>
    <property name="PATHEXT" value=".COM;.EXE;.BAT;.CMD;.VBS;.VBE;.JS;.JSE;.WSF;.WSH;.MSC"/>
    <property name="java.vm.specification.vendor" value="Oracle Corporation"/>
    <property name="NODE_LABELS" value="master"/>
    <property name="TEMP" value="C:\Users\AYUSH~1.SHA\AppData\Local\Temp"/>
    <property name="java.runtime.version" value="1.8.0_341-b10"/>
    <property name="FPS_BROWSER_APP_PROFILE_STRING" value="Internet Explorer"/>
    <property name="user.name" value="ayush.sharma"/>
    <property name="guice.disable.misplaced.annotation.check" value="true"/>
    <property name="CommonProgramW6432" value="C:\Program Files\Common Files"/>
    <property name="ProgramFiles" value="C:\Program Files"/>
    <property name="PROMPT" value="$P$G"/>
    <property name="user.language" value="en"/>
    <property name="JOB_BASE_NAME" value="Boddess_Live"/>
    <property name="RUN_CHANGES_DISPLAY_URL" value="http://localhost:8080/job/Boddess_Live/3/display/redirect?page=changes"/>
    <property name="BUILD_DISPLAY_NAME" value="#3"/>
    <property name="OneDrive" value="C:\Users\ayush.sharma\OneDrive"/>
    <property name="sun.boot.library.path" value="C:\Program Files\Java\jdk1.8.0_341\jre\bin"/>
    <property name="LOCALAPPDATA" value="C:\Users\ayush.sharma\AppData\Local"/>
    <property name="java.version" value="1.8.0_341"/>
    <property name="PROCESSOR_LEVEL" value="6"/>
    <property name="user.timezone" value="Asia/Calcutta"/>
    <property name="USERNAME" value="ayush.sharma"/>
    <property name="sun.arch.data.model" value="64"/>
    <property name="NODE_NAME" value="master"/>
    <property name="java.endorsed.dirs" value="C:\Program Files\Java\jdk1.8.0_341\jre\lib\endorsed"/>
    <property name="BUILD_ID" value="3"/>
    <property name="sun.cpu.isalist" value="amd64"/>
    <property name="sun.jnu.encoding" value="Cp1252"/>
    <property name="file.encoding.pkg" value="sun.io"/>
    <property name="file.separator" value="\"/>
    <property name="java.specification.name" value="Java Platform API Specification"/>
    <property name="HOMEDRIVE" value="C:"/>
    <property name="maven.conf" value="C:\Users\ayush.sharma\.jenkins\tools\hudson.tasks.Maven_MavenInstallation\maven\conf"/>
    <property name="java.class.version" value="52.0"/>
    <property name="=::" value="::\"/>
    <property name="org.slf4j.simpleLogger.defaultLogLevel" value="info"/>
    <property name="user.country" value="US"/>
    <property name="ALLUSERSPROFILE" value="C:\ProgramData"/>
    <property name="java.home" value="C:\Program Files\Java\jdk1.8.0_341\jre"/>
    <property name="java.vm.info" value="mixed mode"/>
    <property name="os.version" value="10.0"/>
    <property name="=ExitCode" value="00000001"/>
    <property name="RUN_DISPLAY_URL" value="http://localhost:8080/job/Boddess_Live/3/display/redirect"/>
    <property name="TMP" value="C:\Users\AYUSH~1.SHA\AppData\Local\Temp"/>
    <property name="RUN_ARTIFACTS_DISPLAY_URL" value="http://localhost:8080/job/Boddess_Live/3/display/redirect?page=artifacts"/>
    <property name="path.separator" value=";"/>
    <property name="java.vm.version" value="25.341-b10"/>
    <property name="user.variant" value=""/>
    <property name="GIT_PREVIOUS_COMMIT" value="e2b8fb3624322d0ab96a68392c9d0b3d5e7a9f42"/>
    <property name="JOB_DISPLAY_URL" value="http://localhost:8080/job/Boddess_Live/display/redirect"/>
    <property name="CommonProgramFiles(x86)" value="C:\Program Files (x86)\Common Files"/>
    <property name="USERDOMAIN_ROAMINGPROFILE" value="PRHPL"/>
    <property name="java.awt.printerjob" value="sun.awt.windows.WPrinterJob"/>
    <property name="sun.io.unicode.encoding" value="UnicodeLittle"/>
    <property name="CommonProgramFiles" value="C:\Program Files\Common Files"/>
    <property name="ComSpec" value="C:\WINDOWS\system32\cmd.exe"/>
    <property name="awt.toolkit" value="sun.awt.windows.WToolkit"/>
    <property name="HOMEPATH" value="\Users\ayush.sharma"/>
    <property name="USERDNSDOMAIN" value="PRHPL.COM"/>
    <property name="user.script" value=""/>
    <property name="COMPUTERNAME" value="AYUSH-HOB"/>
    <property name="user.home" value="C:\Users\ayush.sharma"/>
    <property name="PUBLIC" value="C:\Users\Public"/>
    <property name="BUILD_TAG" value="jenkins-Boddess_Live-3"/>
    <property name="JENKINS_SERVER_COOKIE" value="3abc03d840c37942"/>
    <property name="HUDSON_URL" value="http://localhost:8080/"/>
    <property name="ProgramData" value="C:\ProgramData"/>
    <property name="java.specification.vendor" value="Oracle Corporation"/>
    <property name="USERPROFILE" value="C:\Users\ayush.sharma"/>
    <property name="CLASSPATH" value=""/>
    <property name="java.vendor.url" value="http://java.oracle.com/"/>
    <property name="java.library.path" value="C:\Program Files\Java\jdk1.8.0_341\bin;C:\WINDOWS\Sun\Java\bin;C:\WINDOWS\system32;C:\WINDOWS;C:\Users\ayush.sharma\.jenkins\tools\hudson.tasks.Maven_MavenInstallation\maven/bin;C:\Program Files\Java\jdk1.8.0_341\bin;C:\WINDOWS\system32;C:\WINDOWS;C:\WINDOWS\System32\Wbem;C:\WINDOWS\System32\WindowsPowerShell\v1.0\;C:\WINDOWS\System32\OpenSSH\;C:\Users\ayush.sharma\AppData\Local\Mozilla Firefox\firefox.exe;C:\Users\ayush.sharma\git\BoddessAutomation\Boddess_Smoke_Test\Inputs\geckodriver.exe;C:\Program Files\dotnet\;C:\Program Files\Git\cmd;C:\Program Files\apache-maven-3.8.6\bin;C:\Users\ayush.sharma\AppData\Local\Microsoft\WindowsApps;C:\Users\ayush.sharma\AppData\Local\Mozilla Firefox;C:\Program Files (x86)\BrowserStackLocal\;."/>
    <property name="java.vm.vendor" value="Oracle Corporation"/>
    <property name="APPDATA" value="C:\Users\ayush.sharma\AppData\Roaming"/>
    <property name="ZES_ENABLE_SYSMAN" value="1"/>
    <property name="java.runtime.name" value="Java(TM) SE Runtime Environment"/>
    <property name="maven.home" value="C:\Users\ayush.sharma\.jenkins\tools\hudson.tasks.Maven_MavenInstallation\maven"/>
    <property name="java.class.path" value="C:\Users\ayush.sharma\.jenkins\plugins\maven-plugin\WEB-INF\lib\maven35-agent-1.13.jar;C:\Users\ayush.sharma\.jenkins\tools\hudson.tasks.Maven_MavenInstallation\maven\boot\plexus-classworlds-2.6.0.jar;C:\Users\ayush.sharma\.jenkins\tools\hudson.tasks.Maven_MavenInstallation\maven/conf/logging"/>
    <property name="sun.java.command" value="jenkins.maven3.agent.Maven35Main C:\Users\ayush.sharma\.jenkins\tools\hudson.tasks.Maven_MavenInstallation\maven C:\Users\ayush.sharma\.jenkins\war\WEB-INF\lib\remoting-4.13.3.jar C:\Users\ayush.sharma\.jenkins\plugins\maven-plugin\WEB-INF\lib\maven35-interceptor-1.13.jar C:\Users\ayush.sharma\.jenkins\plugins\maven-plugin\WEB-INF\lib\maven3-interceptor-commons-1.13.jar 50371"/>
    <property name="Path" value="C:\Program Files\Java\jdk1.8.0_341\bin;C:\WINDOWS\system32;C:\WINDOWS;C:\WINDOWS\System32\Wbem;C:\WINDOWS\System32\WindowsPowerShell\v1.0\;C:\WINDOWS\System32\OpenSSH\;C:\Users\ayush.sharma\AppData\Local\Mozilla Firefox\firefox.exe;C:\Users\ayush.sharma\git\BoddessAutomation\Boddess_Smoke_Test\Inputs\geckodriver.exe;C:\Program Files\dotnet\;C:\Program Files\Git\cmd;C:\Program Files\apache-maven-3.8.6\bin;C:\Users\ayush.sharma\AppData\Local\Microsoft\WindowsApps;C:\Users\ayush.sharma\AppData\Local\Mozilla Firefox;C:\Program Files (x86)\BrowserStackLocal\"/>
    <property name="java.vm.specification.name" value="Java Virtual Machine Specification"/>
    <property name="PROCESSOR_ARCHITECTURE" value="AMD64"/>
    <property name="jansi.mode" value="strip"/>
    <property name="PROCESSOR_IDENTIFIER" value="Intel64 Family 6 Model 142 Stepping 12, GenuineIntel"/>
    <property name="SESSIONNAME" value="Console"/>
    <property name="java.vm.specification.version" value="1.8"/>
    <property name="sun.os.patch.level" value=""/>
    <property name="sun.cpu.endian" value="little"/>
    <property name="M2_HOME" value="C:\Users\ayush.sharma\.jenkins\tools\hudson.tasks.Maven_MavenInstallation\maven"/>
    <property name="java.io.tmpdir" value="C:\Users\AYUSH~1.SHA\AppData\Local\Temp\"/>
    <property name="CI" value="true"/>
    <property name="OS" value="Windows_NT"/>
    <property name="HUDSON_HOME" value="C:\Users\ayush.sharma\.jenkins"/>
    <property name="PATH+MAVEN" value="C:\Users\ayush.sharma\.jenkins\tools\hudson.tasks.Maven_MavenInstallation\maven/bin"/>
    <property name="ProgramFiles(x86)" value="C:\Program Files (x86)"/>
    <property name="BUILD_URL" value="http://localhost:8080/job/Boddess_Live/3/"/>
    <property name="java.vendor.url.bug" value="http://bugreport.sun.com/bugreport/"/>
    <property name="java.awt.graphicsenv" value="sun.awt.Win32GraphicsEnvironment"/>
    <property name="os.arch" value="amd64"/>
    <property name="SystemRoot" value="C:\WINDOWS"/>
    <property name="java.ext.dirs" value="C:\Program Files\Java\jdk1.8.0_341\jre\lib\ext;C:\WINDOWS\Sun\Java\lib\ext"/>
    <property name="user.dir" value="C:\Users\ayush.sharma\git\BoddessAutomation\Boddess_Smoke_Test"/>
    <property name="JOB_URL" value="http://localhost:8080/job/Boddess_Live/"/>
    <property name="LOGONSERVER" value="\\QRPLDC"/>
    <property name="USERDOMAIN" value="PRHPL"/>
    <property name="line.separator" value="&#10;"/>
    <property name="MAVEN_HOME" value="C:\Users\ayush.sharma\.jenkins\tools\hudson.tasks.Maven_MavenInstallation\maven"/>
    <property name="java.vm.name" value="Java HotSpot(TM) 64-Bit Server VM"/>
    <property name="BUILD_NUMBER" value="3"/>
    <property name="JENKINS_URL" value="http://localhost:8080/"/>
    <property name="PROCESSOR_REVISION" value="8e0c"/>
    <property name="GIT_BRANCH" value="origin/master"/>
    <property name="ProgramW6432" value="C:\Program Files"/>
    <property name="windir" value="C:\WINDOWS"/>
    <property name="GIT_COMMIT" value="e2b8fb3624322d0ab96a68392c9d0b3d5e7a9f42"/>
    <property name="=C:" value="C:\Users\ayush.sharma"/>
    <property name="file.encoding" value="Cp1252"/>
    <property name="SystemDrive" value="C:"/>
    <property name="maven3.interceptor" value="C:\Users\ayush.sharma\.jenkins\plugins\maven-plugin\WEB-INF\lib\maven35-interceptor-1.13.jar"/>
    <property name="WORKSPACE_TMP" value="C:\Users\ayush.sharma\.jenkins\jobs\Boddess_Live\workspace@tmp"/>
    <property name="WORKSPACE" value="C:\Users\ayush.sharma\.jenkins\jobs\Boddess_Live\workspace"/>
    <property name="maven3.interceptor.common" value="C:\Users\ayush.sharma\.jenkins\plugins\maven-plugin\WEB-INF\lib\maven3-interceptor-commons-1.13.jar"/>
    <property name="java.specification.version" value="1.8"/>
    <property name="PSModulePath" value="C:\Program Files\WindowsPowerShell\Modules;C:\WINDOWS\system32\WindowsPowerShell\v1.0\Modules"/>
    <property name="DriverData" value="C:\Windows\System32\Drivers\DriverData"/>
    <property name="GIT_URL" value="https://github.com/solveda-org/BoddessAutomation.git"/>
  </properties>
  <testcase name="Header_Links" classname="com.boddess.testscript.Homepage" time="0.176"/>
  <testcase name="Header_Links1" classname="com.boddess.testscript.Homepage" time="0.717"/>
  <testcase name="cat_Navigation" classname="com.boddess.testscript.Homepage" time="128.649">
    <failure message="Expected condition failed: waiting for visibility of element located by By.xpath: //span[text()=&apos;Makeup&apos;] (tried for 120 second(s) with 500 milliseconds interval)&#10;Build info: version: &apos;3.13.0&apos;, revision: &apos;2f0d292&apos;, time: &apos;2018-06-25T15:24:21.231Z&apos;&#10;System info: host: &apos;AYUSH-HOB&apos;, ip: &apos;172.17.42.72&apos;, os.name: &apos;Windows 10&apos;, os.arch: &apos;amd64&apos;, os.version: &apos;10.0&apos;, java.version: &apos;1.8.0_341&apos;&#10;Driver info: org.openqa.selenium.firefox.FirefoxDriver&#10;Capabilities {acceptInsecureCerts: true, browserName: firefox, browserVersion: 103.0.2, javascriptEnabled: true, moz:accessibilityChecks: false, moz:buildID: 20220808125904, moz:geckodriverVersion: 0.30.0, moz:headless: false, moz:platformVersion: 10.0, moz:processID: 23076, moz:profile: C:\Users\AYUSH~1.SHA\AppDat..., moz:shutdownTimeout: 60000, moz:useNonSpecCompliantPointerOrigin: false, moz:webdriverClick: true, moz:windowless: false, pageLoadStrategy: normal, platform: WINDOWS, platformName: WINDOWS, proxy: Proxy(), setWindowRect: true, strictFileInteractability: false, timeouts: {implicit: 0, pageLoad: 300000, script: 30000}, unhandledPromptBehavior: dismiss and notify}&#10;Session ID: 86f288fd-9ce2-46a9-9212-dd8baee455b7" type="org.openqa.selenium.TimeoutException">org.openqa.selenium.TimeoutException: Expected condition failed: waiting for visibility of element located by By.xpath: //span[text()='Makeup'] (tried for 120 second(s) with 500 milliseconds interval)
Build info: version: '3.13.0', revision: '2f0d292', time: '2018-06-25T15:24:21.231Z'
System info: host: 'AYUSH-HOB', ip: '172.17.42.72', os.name: 'Windows 10', os.arch: 'amd64', os.version: '10.0', java.version: '1.8.0_341'
Driver info: org.openqa.selenium.firefox.FirefoxDriver
Capabilities {acceptInsecureCerts: true, browserName: firefox, browserVersion: 103.0.2, javascriptEnabled: true, moz:accessibilityChecks: false, moz:buildID: 20220808125904, moz:geckodriverVersion: 0.30.0, moz:headless: false, moz:platformVersion: 10.0, moz:processID: 23076, moz:profile: C:\Users\AYUSH~1.SHA\AppDat..., moz:shutdownTimeout: 60000, moz:useNonSpecCompliantPointerOrigin: false, moz:webdriverClick: true, moz:windowless: false, pageLoadStrategy: normal, platform: WINDOWS, platformName: WINDOWS, proxy: Proxy(), setWindowRect: true, strictFileInteractability: false, timeouts: {implicit: 0, pageLoad: 300000, script: 30000}, unhandledPromptBehavior: dismiss and notify}
Session ID: 86f288fd-9ce2-46a9-9212-dd8baee455b7
	at org.openqa.selenium.support.ui.WebDriverWait.timeoutException(WebDriverWait.java:81)
	at org.openqa.selenium.support.ui.FluentWait.until(FluentWait.java:271)
	at com.boddess.utilities.Setup.wait(Setup.java:56)
	at com.boddess.testscript.Homepage.cat_Navigation(Homepage.java:151)
</failure>
    <system-err><![CDATA[console.warn: LoginRecipes: "getRecipes: falling back to a synchronous message for:" "https://www.boddess.com"
console.warn: LoginRecipes: "getRecipes: falling back to a synchronous message for:" "https://www.boddess.com"
console.warn: LoginRecipes: "getRecipes: falling back to a synchronous message for:" "https://www.boddess.com"
console.warn: LoginRecipes: "getRecipes: falling back to a synchronous message for:" "https://www.boddess.com"
1661258763347	Marionette	WARN	TimedPromise timed out after 500 ms: stacktrace:
TimedPromise/<@chrome://remote/content/marionette/sync.js:237:24
TimedPromise@chrome://remote/content/marionette/sync.js:222:10
interaction.flushEventLoop@chrome://remote/content/marionette/interaction.js:431:10
webdriverClickElement@chrome://remote/content/marionette/interaction.js:179:31
]]></system-err>
  </testcase>
  <testcase name="Login" classname="com.boddess.testscript.Login_Reg" time="121.293">
    <failure message="Expected condition failed: waiting for visibility of element located by By.xpath: //input[@type=&apos;text&apos;][@name=&apos;username&apos;]	 (tried for 120 second(s) with 500 milliseconds interval)&#10;Build info: version: &apos;3.13.0&apos;, revision: &apos;2f0d292&apos;, time: &apos;2018-06-25T15:24:21.231Z&apos;&#10;System info: host: &apos;AYUSH-HOB&apos;, ip: &apos;172.17.42.72&apos;, os.name: &apos;Windows 10&apos;, os.arch: &apos;amd64&apos;, os.version: &apos;10.0&apos;, java.version: &apos;1.8.0_341&apos;&#10;Driver info: org.openqa.selenium.firefox.FirefoxDriver&#10;Capabilities {acceptInsecureCerts: true, browserName: firefox, browserVersion: 103.0.2, javascriptEnabled: true, moz:accessibilityChecks: false, moz:buildID: 20220808125904, moz:geckodriverVersion: 0.30.0, moz:headless: false, moz:platformVersion: 10.0, moz:processID: 23076, moz:profile: C:\Users\AYUSH~1.SHA\AppDat..., moz:shutdownTimeout: 60000, moz:useNonSpecCompliantPointerOrigin: false, moz:webdriverClick: true, moz:windowless: false, pageLoadStrategy: normal, platform: WINDOWS, platformName: WINDOWS, proxy: Proxy(), setWindowRect: true, strictFileInteractability: false, timeouts: {implicit: 0, pageLoad: 300000, script: 30000}, unhandledPromptBehavior: dismiss and notify}&#10;Session ID: 86f288fd-9ce2-46a9-9212-dd8baee455b7" type="org.openqa.selenium.TimeoutException">org.openqa.selenium.TimeoutException: Expected condition failed: waiting for visibility of element located by By.xpath: //input[@type='text'][@name='username']	 (tried for 120 second(s) with 500 milliseconds interval)
Build info: version: '3.13.0', revision: '2f0d292', time: '2018-06-25T15:24:21.231Z'
System info: host: 'AYUSH-HOB', ip: '172.17.42.72', os.name: 'Windows 10', os.arch: 'amd64', os.version: '10.0', java.version: '1.8.0_341'
Driver info: org.openqa.selenium.firefox.FirefoxDriver
Capabilities {acceptInsecureCerts: true, browserName: firefox, browserVersion: 103.0.2, javascriptEnabled: true, moz:accessibilityChecks: false, moz:buildID: 20220808125904, moz:geckodriverVersion: 0.30.0, moz:headless: false, moz:platformVersion: 10.0, moz:processID: 23076, moz:profile: C:\Users\AYUSH~1.SHA\AppDat..., moz:shutdownTimeout: 60000, moz:useNonSpecCompliantPointerOrigin: false, moz:webdriverClick: true, moz:windowless: false, pageLoadStrategy: normal, platform: WINDOWS, platformName: WINDOWS, proxy: Proxy(), setWindowRect: true, strictFileInteractability: false, timeouts: {implicit: 0, pageLoad: 300000, script: 30000}, unhandledPromptBehavior: dismiss and notify}
Session ID: 86f288fd-9ce2-46a9-9212-dd8baee455b7
	at org.openqa.selenium.support.ui.WebDriverWait.timeoutException(WebDriverWait.java:81)
	at org.openqa.selenium.support.ui.FluentWait.until(FluentWait.java:271)
	at com.boddess.utilities.Setup.wait(Setup.java:56)
	at com.boddess.testscript.Login_Reg.Login(Login_Reg.java:29)
</failure>
    <system-err><![CDATA[1661258891679	Marionette	WARN	TimedPromise timed out after 500 ms: stacktrace:
TimedPromise/<@chrome://remote/content/marionette/sync.js:237:24
TimedPromise@chrome://remote/content/marionette/sync.js:222:10
interaction.flushEventLoop@chrome://remote/content/marionette/interaction.js:431:10
webdriverClickElement@chrome://remote/content/marionette/interaction.js:179:31
]]></system-err>
  </testcase>
  <testcase name="bread_plp" classname="com.boddess.testscript.PLP" time="120.254">
    <failure message="Expected condition failed: waiting for visibility of element located by By.xpath: //span[normalize-space()=&apos;Skin&apos;] (tried for 120 second(s) with 500 milliseconds interval)&#10;Build info: version: &apos;3.13.0&apos;, revision: &apos;2f0d292&apos;, time: &apos;2018-06-25T15:24:21.231Z&apos;&#10;System info: host: &apos;AYUSH-HOB&apos;, ip: &apos;172.17.42.72&apos;, os.name: &apos;Windows 10&apos;, os.arch: &apos;amd64&apos;, os.version: &apos;10.0&apos;, java.version: &apos;1.8.0_341&apos;&#10;Driver info: org.openqa.selenium.firefox.FirefoxDriver&#10;Capabilities {acceptInsecureCerts: true, browserName: firefox, browserVersion: 103.0.2, javascriptEnabled: true, moz:accessibilityChecks: false, moz:buildID: 20220808125904, moz:geckodriverVersion: 0.30.0, moz:headless: false, moz:platformVersion: 10.0, moz:processID: 23076, moz:profile: C:\Users\AYUSH~1.SHA\AppDat..., moz:shutdownTimeout: 60000, moz:useNonSpecCompliantPointerOrigin: false, moz:webdriverClick: true, moz:windowless: false, pageLoadStrategy: normal, platform: WINDOWS, platformName: WINDOWS, proxy: Proxy(), setWindowRect: true, strictFileInteractability: false, timeouts: {implicit: 0, pageLoad: 300000, script: 30000}, unhandledPromptBehavior: dismiss and notify}&#10;Session ID: 86f288fd-9ce2-46a9-9212-dd8baee455b7" type="org.openqa.selenium.TimeoutException">org.openqa.selenium.TimeoutException: Expected condition failed: waiting for visibility of element located by By.xpath: //span[normalize-space()='Skin'] (tried for 120 second(s) with 500 milliseconds interval)
Build info: version: '3.13.0', revision: '2f0d292', time: '2018-06-25T15:24:21.231Z'
System info: host: 'AYUSH-HOB', ip: '172.17.42.72', os.name: 'Windows 10', os.arch: 'amd64', os.version: '10.0', java.version: '1.8.0_341'
Driver info: org.openqa.selenium.firefox.FirefoxDriver
Capabilities {acceptInsecureCerts: true, browserName: firefox, browserVersion: 103.0.2, javascriptEnabled: true, moz:accessibilityChecks: false, moz:buildID: 20220808125904, moz:geckodriverVersion: 0.30.0, moz:headless: false, moz:platformVersion: 10.0, moz:processID: 23076, moz:profile: C:\Users\AYUSH~1.SHA\AppDat..., moz:shutdownTimeout: 60000, moz:useNonSpecCompliantPointerOrigin: false, moz:webdriverClick: true, moz:windowless: false, pageLoadStrategy: normal, platform: WINDOWS, platformName: WINDOWS, proxy: Proxy(), setWindowRect: true, strictFileInteractability: false, timeouts: {implicit: 0, pageLoad: 300000, script: 30000}, unhandledPromptBehavior: dismiss and notify}
Session ID: 86f288fd-9ce2-46a9-9212-dd8baee455b7
	at org.openqa.selenium.support.ui.WebDriverWait.timeoutException(WebDriverWait.java:81)
	at org.openqa.selenium.support.ui.FluentWait.until(FluentWait.java:271)
	at com.boddess.utilities.Setup.wait(Setup.java:56)
	at com.boddess.testscript.PLP.bread_plp(PLP.java:103)
</failure>
  </testcase>
  <testcase name="static_plp" classname="com.boddess.testscript.PLP" time="36,401.154">
    <failure message="Expected condition failed: waiting for visibility of element located by By.xpath: //span[normalize-space()=&apos;Skin&apos;] (tried for 120 second(s) with 500 milliseconds interval)&#10;Build info: version: &apos;3.13.0&apos;, revision: &apos;2f0d292&apos;, time: &apos;2018-06-25T15:24:21.231Z&apos;&#10;System info: host: &apos;AYUSH-HOB&apos;, ip: &apos;172.17.42.72&apos;, os.name: &apos;Windows 10&apos;, os.arch: &apos;amd64&apos;, os.version: &apos;10.0&apos;, java.version: &apos;1.8.0_341&apos;&#10;Driver info: org.openqa.selenium.firefox.FirefoxDriver&#10;Capabilities {acceptInsecureCerts: true, browserName: firefox, browserVersion: 103.0.2, javascriptEnabled: true, moz:accessibilityChecks: false, moz:buildID: 20220808125904, moz:geckodriverVersion: 0.30.0, moz:headless: false, moz:platformVersion: 10.0, moz:processID: 23076, moz:profile: C:\Users\AYUSH~1.SHA\AppDat..., moz:shutdownTimeout: 60000, moz:useNonSpecCompliantPointerOrigin: false, moz:webdriverClick: true, moz:windowless: false, pageLoadStrategy: normal, platform: WINDOWS, platformName: WINDOWS, proxy: Proxy(), setWindowRect: true, strictFileInteractability: false, timeouts: {implicit: 0, pageLoad: 300000, script: 30000}, unhandledPromptBehavior: dismiss and notify}&#10;Session ID: 86f288fd-9ce2-46a9-9212-dd8baee455b7" type="org.openqa.selenium.TimeoutException">org.openqa.selenium.TimeoutException: Expected condition failed: waiting for visibility of element located by By.xpath: //span[normalize-space()='Skin'] (tried for 120 second(s) with 500 milliseconds interval)
Build info: version: '3.13.0', revision: '2f0d292', time: '2018-06-25T15:24:21.231Z'
System info: host: 'AYUSH-HOB', ip: '172.17.42.72', os.name: 'Windows 10', os.arch: 'amd64', os.version: '10.0', java.version: '1.8.0_341'
Driver info: org.openqa.selenium.firefox.FirefoxDriver
Capabilities {acceptInsecureCerts: true, browserName: firefox, browserVersion: 103.0.2, javascriptEnabled: true, moz:accessibilityChecks: false, moz:buildID: 20220808125904, moz:geckodriverVersion: 0.30.0, moz:headless: false, moz:platformVersion: 10.0, moz:processID: 23076, moz:profile: C:\Users\AYUSH~1.SHA\AppDat..., moz:shutdownTimeout: 60000, moz:useNonSpecCompliantPointerOrigin: false, moz:webdriverClick: true, moz:windowless: false, pageLoadStrategy: normal, platform: WINDOWS, platformName: WINDOWS, proxy: Proxy(), setWindowRect: true, strictFileInteractability: false, timeouts: {implicit: 0, pageLoad: 300000, script: 30000}, unhandledPromptBehavior: dismiss and notify}
Session ID: 86f288fd-9ce2-46a9-9212-dd8baee455b7
	at org.openqa.selenium.support.ui.WebDriverWait.timeoutException(WebDriverWait.java:81)
	at org.openqa.selenium.support.ui.FluentWait.until(FluentWait.java:271)
	at com.boddess.utilities.Setup.wait(Setup.java:56)
	at com.boddess.testscript.PLP.static_plp(PLP.java:131)
</failure>
    <system-err><![CDATA[1661295533747	addons.xpi	ERROR	System addon update list error Error: Failed downloading XML, status: 0, reason: error
]]></system-err>
  </testcase>
  <testcase name="prd_name" classname="com.boddess.testscript.PDP" time="1.324">
    <failure message="Reached error page: about:neterror?e=dnsNotFound&amp;u=https%3A//www.boddess.com/laneige-moist-cream-cleansers-150ml&amp;c=UTF-8&amp;d=We%20can%E2%80%99t%20connect%20to%20the%20server%20at%20www.boddess.com.&#10;Build info: version: &apos;3.13.0&apos;, revision: &apos;2f0d292&apos;, time: &apos;2018-06-25T15:24:21.231Z&apos;&#10;System info: host: &apos;AYUSH-HOB&apos;, ip: &apos;172.17.42.72&apos;, os.name: &apos;Windows 10&apos;, os.arch: &apos;amd64&apos;, os.version: &apos;10.0&apos;, java.version: &apos;1.8.0_341&apos;&#10;Driver info: org.openqa.selenium.firefox.FirefoxDriver&#10;Capabilities {acceptInsecureCerts: true, browserName: firefox, browserVersion: 103.0.2, javascriptEnabled: true, moz:accessibilityChecks: false, moz:buildID: 20220808125904, moz:geckodriverVersion: 0.30.0, moz:headless: false, moz:platformVersion: 10.0, moz:processID: 23076, moz:profile: C:\Users\AYUSH~1.SHA\AppDat..., moz:shutdownTimeout: 60000, moz:useNonSpecCompliantPointerOrigin: false, moz:webdriverClick: true, moz:windowless: false, pageLoadStrategy: normal, platform: WINDOWS, platformName: WINDOWS, proxy: Proxy(), setWindowRect: true, strictFileInteractability: false, timeouts: {implicit: 0, pageLoad: 300000, script: 30000}, unhandledPromptBehavior: dismiss and notify}&#10;Session ID: 86f288fd-9ce2-46a9-9212-dd8baee455b7" type="org.openqa.selenium.WebDriverException"><![CDATA[org.openqa.selenium.WebDriverException: Reached error page: about:neterror?e=dnsNotFound&u=https%3A//www.boddess.com/laneige-moist-cream-cleansers-150ml&c=UTF-8&d=We%20can%E2%80%99t%20connect%20to%20the%20server%20at%20www.boddess.com.
Build info: version: '3.13.0', revision: '2f0d292', time: '2018-06-25T15:24:21.231Z'
System info: host: 'AYUSH-HOB', ip: '172.17.42.72', os.name: 'Windows 10', os.arch: 'amd64', os.version: '10.0', java.version: '1.8.0_341'
Driver info: org.openqa.selenium.firefox.FirefoxDriver
Capabilities {acceptInsecureCerts: true, browserName: firefox, browserVersion: 103.0.2, javascriptEnabled: true, moz:accessibilityChecks: false, moz:buildID: 20220808125904, moz:geckodriverVersion: 0.30.0, moz:headless: false, moz:platformVersion: 10.0, moz:processID: 23076, moz:profile: C:\Users\AYUSH~1.SHA\AppDat..., moz:shutdownTimeout: 60000, moz:useNonSpecCompliantPointerOrigin: false, moz:webdriverClick: true, moz:windowless: false, pageLoadStrategy: normal, platform: WINDOWS, platformName: WINDOWS, proxy: Proxy(), setWindowRect: true, strictFileInteractability: false, timeouts: {implicit: 0, pageLoad: 300000, script: 30000}, unhandledPromptBehavior: dismiss and notify}
Session ID: 86f288fd-9ce2-46a9-9212-dd8baee455b7
	at sun.reflect.NativeConstructorAccessorImpl.newInstance0(Native Method)
	at sun.reflect.NativeConstructorAccessorImpl.newInstance(NativeConstructorAccessorImpl.java:62)
	at sun.reflect.DelegatingConstructorAccessorImpl.newInstance(DelegatingConstructorAccessorImpl.java:45)
	at java.lang.reflect.Constructor.newInstance(Constructor.java:423)
	at org.openqa.selenium.remote.http.W3CHttpResponseCodec.createException(W3CHttpResponseCodec.java:187)
	at org.openqa.selenium.remote.http.W3CHttpResponseCodec.decode(W3CHttpResponseCodec.java:122)
	at org.openqa.selenium.remote.http.W3CHttpResponseCodec.decode(W3CHttpResponseCodec.java:49)
	at org.openqa.selenium.remote.HttpCommandExecutor.execute(HttpCommandExecutor.java:158)
	at org.openqa.selenium.remote.service.DriverCommandExecutor.execute(DriverCommandExecutor.java:83)
	at org.openqa.selenium.remote.RemoteWebDriver.execute(RemoteWebDriver.java:548)
	at org.openqa.selenium.remote.RemoteWebDriver.get(RemoteWebDriver.java:276)
	at org.openqa.selenium.remote.RemoteWebDriver$RemoteNavigation.to(RemoteWebDriver.java:853)
	at com.boddess.testscript.PDP.PDP_Navigation(PDP.java:29)
	at com.boddess.testscript.PDP.prd_name(PDP.java:40)
]]></failure>
    <system-err><![CDATA[JavaScript error: https://static.zdassets.com/web_widget/latest/classic/web-widget-7495-9b1832d.js, line 1: SecurityError: The operation is insecure.
]]></system-err>
  </testcase>
  <testcase name="qty_addtoCart" classname="com.boddess.testscript.PDP" time="120.037">
    <failure message="Expected condition failed: waiting for visibility of element located by By.xpath: //select[@name=&apos;qty&apos;]	 (tried for 120 second(s) with 500 milliseconds interval)" type="org.openqa.selenium.TimeoutException">org.openqa.selenium.TimeoutException: Expected condition failed: waiting for visibility of element located by By.xpath: //select[@name='qty']	 (tried for 120 second(s) with 500 milliseconds interval)
	at org.openqa.selenium.support.ui.ExpectedConditions.lambda$findElement$0(ExpectedConditions.java:896)
	at java.util.Optional.orElseThrow(Optional.java:290)
	at org.openqa.selenium.support.ui.ExpectedConditions.findElement(ExpectedConditions.java:895)
	at org.openqa.selenium.support.ui.ExpectedConditions.access$000(ExpectedConditions.java:44)
	at org.openqa.selenium.support.ui.ExpectedConditions$7.apply(ExpectedConditions.java:206)
	at org.openqa.selenium.support.ui.ExpectedConditions$7.apply(ExpectedConditions.java:202)
	at org.openqa.selenium.support.ui.FluentWait.until(FluentWait.java:248)
	at com.boddess.utilities.Setup.wait(Setup.java:56)
	at com.boddess.testscript.PDP.qty_addtoCart(PDP.java:65)
</failure>
  </testcase>
  <testcase name="social" classname="com.boddess.testscript.PDP" time="120.453">
    <failure message="Expected condition failed: waiting for visibility of element located by By.xpath: //img[@alt=&apos;Facebook&apos;] (tried for 120 second(s) with 500 milliseconds interval)" type="org.openqa.selenium.TimeoutException">org.openqa.selenium.TimeoutException: Expected condition failed: waiting for visibility of element located by By.xpath: //img[@alt='Facebook'] (tried for 120 second(s) with 500 milliseconds interval)
	at org.openqa.selenium.support.ui.ExpectedConditions.lambda$findElement$0(ExpectedConditions.java:896)
	at java.util.Optional.orElseThrow(Optional.java:290)
	at org.openqa.selenium.support.ui.ExpectedConditions.findElement(ExpectedConditions.java:895)
	at org.openqa.selenium.support.ui.ExpectedConditions.access$000(ExpectedConditions.java:44)
	at org.openqa.selenium.support.ui.ExpectedConditions$7.apply(ExpectedConditions.java:206)
	at org.openqa.selenium.support.ui.ExpectedConditions$7.apply(ExpectedConditions.java:202)
	at org.openqa.selenium.support.ui.FluentWait.until(FluentWait.java:248)
	at com.boddess.utilities.Setup.wait(Setup.java:56)
	at com.boddess.testscript.PDP.social(PDP.java:90)
</failure>
  </testcase>
  <testcase name="prices_pdp" classname="com.boddess.testscript.PDP" time="120.095">
    <failure message="Unable to locate element: //div[@data-role=&apos;priceBox&apos;]&#10;For documentation on this error, please visit: http://seleniumhq.org/exceptions/no_such_element.html&#10;Build info: version: &apos;3.13.0&apos;, revision: &apos;2f0d292&apos;, time: &apos;2018-06-25T15:24:21.231Z&apos;&#10;System info: host: &apos;AYUSH-HOB&apos;, ip: &apos;172.17.42.72&apos;, os.name: &apos;Windows 10&apos;, os.arch: &apos;amd64&apos;, os.version: &apos;10.0&apos;, java.version: &apos;1.8.0_341&apos;&#10;Driver info: org.openqa.selenium.firefox.FirefoxDriver&#10;Capabilities {acceptInsecureCerts: true, browserName: firefox, browserVersion: 103.0.2, javascriptEnabled: true, moz:accessibilityChecks: false, moz:buildID: 20220808125904, moz:geckodriverVersion: 0.30.0, moz:headless: false, moz:platformVersion: 10.0, moz:processID: 23076, moz:profile: C:\Users\AYUSH~1.SHA\AppDat..., moz:shutdownTimeout: 60000, moz:useNonSpecCompliantPointerOrigin: false, moz:webdriverClick: true, moz:windowless: false, pageLoadStrategy: normal, platform: WINDOWS, platformName: WINDOWS, proxy: Proxy(), setWindowRect: true, strictFileInteractability: false, timeouts: {implicit: 0, pageLoad: 300000, script: 30000}, unhandledPromptBehavior: dismiss and notify}&#10;Session ID: 86f288fd-9ce2-46a9-9212-dd8baee455b7&#10;*** Element info: {Using=xpath, value=//div[@data-role=&apos;priceBox&apos;]}" type="org.openqa.selenium.NoSuchElementException">org.openqa.selenium.NoSuchElementException: Unable to locate element: //div[@data-role='priceBox']
For documentation on this error, please visit: http://seleniumhq.org/exceptions/no_such_element.html
Build info: version: '3.13.0', revision: '2f0d292', time: '2018-06-25T15:24:21.231Z'
System info: host: 'AYUSH-HOB', ip: '172.17.42.72', os.name: 'Windows 10', os.arch: 'amd64', os.version: '10.0', java.version: '1.8.0_341'
Driver info: org.openqa.selenium.firefox.FirefoxDriver
Capabilities {acceptInsecureCerts: true, browserName: firefox, browserVersion: 103.0.2, javascriptEnabled: true, moz:accessibilityChecks: false, moz:buildID: 20220808125904, moz:geckodriverVersion: 0.30.0, moz:headless: false, moz:platformVersion: 10.0, moz:processID: 23076, moz:profile: C:\Users\AYUSH~1.SHA\AppDat..., moz:shutdownTimeout: 60000, moz:useNonSpecCompliantPointerOrigin: false, moz:webdriverClick: true, moz:windowless: false, pageLoadStrategy: normal, platform: WINDOWS, platformName: WINDOWS, proxy: Proxy(), setWindowRect: true, strictFileInteractability: false, timeouts: {implicit: 0, pageLoad: 300000, script: 30000}, unhandledPromptBehavior: dismiss and notify}
Session ID: 86f288fd-9ce2-46a9-9212-dd8baee455b7
*** Element info: {Using=xpath, value=//div[@data-role='priceBox']}
	at sun.reflect.NativeConstructorAccessorImpl.newInstance0(Native Method)
	at sun.reflect.NativeConstructorAccessorImpl.newInstance(NativeConstructorAccessorImpl.java:62)
	at sun.reflect.DelegatingConstructorAccessorImpl.newInstance(DelegatingConstructorAccessorImpl.java:45)
	at java.lang.reflect.Constructor.newInstance(Constructor.java:423)
	at org.openqa.selenium.remote.http.W3CHttpResponseCodec.createException(W3CHttpResponseCodec.java:187)
	at org.openqa.selenium.remote.http.W3CHttpResponseCodec.decode(W3CHttpResponseCodec.java:122)
	at org.openqa.selenium.remote.http.W3CHttpResponseCodec.decode(W3CHttpResponseCodec.java:49)
	at org.openqa.selenium.remote.HttpCommandExecutor.execute(HttpCommandExecutor.java:158)
	at org.openqa.selenium.remote.service.DriverCommandExecutor.execute(DriverCommandExecutor.java:83)
	at org.openqa.selenium.remote.RemoteWebDriver.execute(RemoteWebDriver.java:548)
	at org.openqa.selenium.remote.RemoteWebDriver.findElement(RemoteWebDriver.java:322)
	at org.openqa.selenium.remote.RemoteWebDriver.findElementByXPath(RemoteWebDriver.java:424)
	at org.openqa.selenium.By$ByXPath.findElement(By.java:353)
	at org.openqa.selenium.remote.RemoteWebDriver.findElement(RemoteWebDriver.java:314)
	at com.boddess.testscript.PDP.prices_pdp(PDP.java:115)
</failure>
  </testcase>
  <testcase name="wish" classname="com.boddess.testscript.PDP" time="120.037">
    <failure message="Expected condition failed: waiting for visibility of element located by By.xpath: //span[text()=&apos;Add to Wishlist&apos;]		 (tried for 120 second(s) with 500 milliseconds interval)" type="org.openqa.selenium.TimeoutException">org.openqa.selenium.TimeoutException: Expected condition failed: waiting for visibility of element located by By.xpath: //span[text()='Add to Wishlist']		 (tried for 120 second(s) with 500 milliseconds interval)
	at org.openqa.selenium.support.ui.ExpectedConditions.lambda$findElement$0(ExpectedConditions.java:896)
	at java.util.Optional.orElseThrow(Optional.java:290)
	at org.openqa.selenium.support.ui.ExpectedConditions.findElement(ExpectedConditions.java:895)
	at org.openqa.selenium.support.ui.ExpectedConditions.access$000(ExpectedConditions.java:44)
	at org.openqa.selenium.support.ui.ExpectedConditions$7.apply(ExpectedConditions.java:206)
	at org.openqa.selenium.support.ui.ExpectedConditions$7.apply(ExpectedConditions.java:202)
	at org.openqa.selenium.support.ui.FluentWait.until(FluentWait.java:248)
	at com.boddess.utilities.Setup.wait(Setup.java:56)
	at com.boddess.testscript.PDP.wish(PDP.java:135)
</failure>
  </testcase>
  <testcase name="Product_Image" classname="com.boddess.testscript.PDP" time="120.041">
    <failure message="Expected condition failed: waiting for visibility of element located by By.xpath: //img[@id=&apos;magnifier-item-0&apos;] (tried for 120 second(s) with 500 milliseconds interval)" type="org.openqa.selenium.TimeoutException">org.openqa.selenium.TimeoutException: Expected condition failed: waiting for visibility of element located by By.xpath: //img[@id='magnifier-item-0'] (tried for 120 second(s) with 500 milliseconds interval)
	at org.openqa.selenium.support.ui.ExpectedConditions.lambda$findElement$0(ExpectedConditions.java:896)
	at java.util.Optional.orElseThrow(Optional.java:290)
	at org.openqa.selenium.support.ui.ExpectedConditions.findElement(ExpectedConditions.java:895)
	at org.openqa.selenium.support.ui.ExpectedConditions.access$000(ExpectedConditions.java:44)
	at org.openqa.selenium.support.ui.ExpectedConditions$7.apply(ExpectedConditions.java:206)
	at org.openqa.selenium.support.ui.ExpectedConditions$7.apply(ExpectedConditions.java:202)
	at org.openqa.selenium.support.ui.FluentWait.until(FluentWait.java:248)
	at com.boddess.utilities.Setup.wait(Setup.java:56)
	at com.boddess.testscript.PDP.Product_Image(PDP.java:154)
</failure>
  </testcase>
  <testcase name="Pincode_Validation" classname="com.boddess.testscript.PDP" time="120.035">
    <failure message="Expected condition failed: waiting for visibility of element located by By.xpath: //input[@id=&apos;pincode_number&apos;] (tried for 120 second(s) with 500 milliseconds interval)" type="org.openqa.selenium.TimeoutException">org.openqa.selenium.TimeoutException: Expected condition failed: waiting for visibility of element located by By.xpath: //input[@id='pincode_number'] (tried for 120 second(s) with 500 milliseconds interval)
	at org.openqa.selenium.support.ui.ExpectedConditions.lambda$findElement$0(ExpectedConditions.java:896)
	at java.util.Optional.orElseThrow(Optional.java:290)
	at org.openqa.selenium.support.ui.ExpectedConditions.findElement(ExpectedConditions.java:895)
	at org.openqa.selenium.support.ui.ExpectedConditions.access$000(ExpectedConditions.java:44)
	at org.openqa.selenium.support.ui.ExpectedConditions$7.apply(ExpectedConditions.java:206)
	at org.openqa.selenium.support.ui.ExpectedConditions$7.apply(ExpectedConditions.java:202)
	at org.openqa.selenium.support.ui.FluentWait.until(FluentWait.java:248)
	at com.boddess.utilities.Setup.wait(Setup.java:56)
	at com.boddess.testscript.PDP.Pincode_Validation(PDP.java:178)
</failure>
  </testcase>
  <testcase name="ProductDetailSection" classname="com.boddess.testscript.PDP" time="120.035">
    <failure message="Expected condition failed: waiting for visibility of element located by By.xpath: //a[text()=&apos;Details&apos;]	 (tried for 120 second(s) with 500 milliseconds interval)" type="org.openqa.selenium.TimeoutException">org.openqa.selenium.TimeoutException: Expected condition failed: waiting for visibility of element located by By.xpath: //a[text()='Details']	 (tried for 120 second(s) with 500 milliseconds interval)
	at org.openqa.selenium.support.ui.ExpectedConditions.lambda$findElement$0(ExpectedConditions.java:896)
	at java.util.Optional.orElseThrow(Optional.java:290)
	at org.openqa.selenium.support.ui.ExpectedConditions.findElement(ExpectedConditions.java:895)
	at org.openqa.selenium.support.ui.ExpectedConditions.access$000(ExpectedConditions.java:44)
	at org.openqa.selenium.support.ui.ExpectedConditions$7.apply(ExpectedConditions.java:206)
	at org.openqa.selenium.support.ui.ExpectedConditions$7.apply(ExpectedConditions.java:202)
	at org.openqa.selenium.support.ui.FluentWait.until(FluentWait.java:248)
	at com.boddess.utilities.Setup.wait(Setup.java:56)
	at com.boddess.testscript.PDP.ProductDetailSection(PDP.java:209)
</failure>
  </testcase>
  <testcase name="breadcrumbs_pdp" classname="com.boddess.testscript.PDP" time="121.774">
    <failure message="Unable to locate element: /html/body/div[1]/div[3]/ul&#10;For documentation on this error, please visit: http://seleniumhq.org/exceptions/no_such_element.html&#10;Build info: version: &apos;3.13.0&apos;, revision: &apos;2f0d292&apos;, time: &apos;2018-06-25T15:24:21.231Z&apos;&#10;System info: host: &apos;AYUSH-HOB&apos;, ip: &apos;172.17.42.72&apos;, os.name: &apos;Windows 10&apos;, os.arch: &apos;amd64&apos;, os.version: &apos;10.0&apos;, java.version: &apos;1.8.0_341&apos;&#10;Driver info: org.openqa.selenium.firefox.FirefoxDriver&#10;Capabilities {acceptInsecureCerts: true, browserName: firefox, browserVersion: 103.0.2, javascriptEnabled: true, moz:accessibilityChecks: false, moz:buildID: 20220808125904, moz:geckodriverVersion: 0.30.0, moz:headless: false, moz:platformVersion: 10.0, moz:processID: 23076, moz:profile: C:\Users\AYUSH~1.SHA\AppDat..., moz:shutdownTimeout: 60000, moz:useNonSpecCompliantPointerOrigin: false, moz:webdriverClick: true, moz:windowless: false, pageLoadStrategy: normal, platform: WINDOWS, platformName: WINDOWS, proxy: Proxy(), setWindowRect: true, strictFileInteractability: false, timeouts: {implicit: 0, pageLoad: 300000, script: 30000}, unhandledPromptBehavior: dismiss and notify}&#10;Session ID: 86f288fd-9ce2-46a9-9212-dd8baee455b7&#10;*** Element info: {Using=xpath, value=/html/body/div[1]/div[3]/ul}" type="org.openqa.selenium.NoSuchElementException">org.openqa.selenium.NoSuchElementException: Unable to locate element: /html/body/div[1]/div[3]/ul
For documentation on this error, please visit: http://seleniumhq.org/exceptions/no_such_element.html
Build info: version: '3.13.0', revision: '2f0d292', time: '2018-06-25T15:24:21.231Z'
System info: host: 'AYUSH-HOB', ip: '172.17.42.72', os.name: 'Windows 10', os.arch: 'amd64', os.version: '10.0', java.version: '1.8.0_341'
Driver info: org.openqa.selenium.firefox.FirefoxDriver
Capabilities {acceptInsecureCerts: true, browserName: firefox, browserVersion: 103.0.2, javascriptEnabled: true, moz:accessibilityChecks: false, moz:buildID: 20220808125904, moz:geckodriverVersion: 0.30.0, moz:headless: false, moz:platformVersion: 10.0, moz:processID: 23076, moz:profile: C:\Users\AYUSH~1.SHA\AppDat..., moz:shutdownTimeout: 60000, moz:useNonSpecCompliantPointerOrigin: false, moz:webdriverClick: true, moz:windowless: false, pageLoadStrategy: normal, platform: WINDOWS, platformName: WINDOWS, proxy: Proxy(), setWindowRect: true, strictFileInteractability: false, timeouts: {implicit: 0, pageLoad: 300000, script: 30000}, unhandledPromptBehavior: dismiss and notify}
Session ID: 86f288fd-9ce2-46a9-9212-dd8baee455b7
*** Element info: {Using=xpath, value=/html/body/div[1]/div[3]/ul}
	at sun.reflect.NativeConstructorAccessorImpl.newInstance0(Native Method)
	at sun.reflect.NativeConstructorAccessorImpl.newInstance(NativeConstructorAccessorImpl.java:62)
	at sun.reflect.DelegatingConstructorAccessorImpl.newInstance(DelegatingConstructorAccessorImpl.java:45)
	at java.lang.reflect.Constructor.newInstance(Constructor.java:423)
	at org.openqa.selenium.remote.http.W3CHttpResponseCodec.createException(W3CHttpResponseCodec.java:187)
	at org.openqa.selenium.remote.http.W3CHttpResponseCodec.decode(W3CHttpResponseCodec.java:122)
	at org.openqa.selenium.remote.http.W3CHttpResponseCodec.decode(W3CHttpResponseCodec.java:49)
	at org.openqa.selenium.remote.HttpCommandExecutor.execute(HttpCommandExecutor.java:158)
	at org.openqa.selenium.remote.service.DriverCommandExecutor.execute(DriverCommandExecutor.java:83)
	at org.openqa.selenium.remote.RemoteWebDriver.execute(RemoteWebDriver.java:548)
	at org.openqa.selenium.remote.RemoteWebDriver.findElement(RemoteWebDriver.java:322)
	at org.openqa.selenium.remote.RemoteWebDriver.findElementByXPath(RemoteWebDriver.java:424)
	at org.openqa.selenium.By$ByXPath.findElement(By.java:353)
	at org.openqa.selenium.remote.RemoteWebDriver.findElement(RemoteWebDriver.java:314)
	at com.boddess.testscript.PDP.breadcrumbs_pdp(PDP.java:242)
</failure>
  </testcase>
  <testcase name="Pincode_Validation_correct" classname="com.boddess.testscript.PDP" time="120.096">
    <failure message="Expected condition failed: waiting for visibility of element located by By.xpath: //input[@id=&apos;pincode_number&apos;] (tried for 120 second(s) with 500 milliseconds interval)" type="org.openqa.selenium.TimeoutException">org.openqa.selenium.TimeoutException: Expected condition failed: waiting for visibility of element located by By.xpath: //input[@id='pincode_number'] (tried for 120 second(s) with 500 milliseconds interval)
	at org.openqa.selenium.support.ui.ExpectedConditions.lambda$findElement$0(ExpectedConditions.java:896)
	at java.util.Optional.orElseThrow(Optional.java:290)
	at org.openqa.selenium.support.ui.ExpectedConditions.findElement(ExpectedConditions.java:895)
	at org.openqa.selenium.support.ui.ExpectedConditions.access$000(ExpectedConditions.java:44)
	at org.openqa.selenium.support.ui.ExpectedConditions$7.apply(ExpectedConditions.java:206)
	at org.openqa.selenium.support.ui.ExpectedConditions$7.apply(ExpectedConditions.java:202)
	at org.openqa.selenium.support.ui.FluentWait.until(FluentWait.java:248)
	at com.boddess.utilities.Setup.wait(Setup.java:56)
	at com.boddess.testscript.PDP.Pincode_Validation_correct(PDP.java:271)
</failure>
  </testcase>
  <testcase name="ContactDetails" classname="com.boddess.testscript.MyAccount" time="120.051">
    <failure message="Expected condition failed: waiting for visibility of element located by By.xpath: //a[text()=&apos;Sign In&apos;]	 (tried for 120 second(s) with 500 milliseconds interval)" type="org.openqa.selenium.TimeoutException">org.openqa.selenium.TimeoutException: Expected condition failed: waiting for visibility of element located by By.xpath: //a[text()='Sign In']	 (tried for 120 second(s) with 500 milliseconds interval)
	at org.openqa.selenium.support.ui.ExpectedConditions.lambda$findElement$0(ExpectedConditions.java:896)
	at java.util.Optional.orElseThrow(Optional.java:290)
	at org.openqa.selenium.support.ui.ExpectedConditions.findElement(ExpectedConditions.java:895)
	at org.openqa.selenium.support.ui.ExpectedConditions.access$000(ExpectedConditions.java:44)
	at org.openqa.selenium.support.ui.ExpectedConditions$7.apply(ExpectedConditions.java:206)
	at org.openqa.selenium.support.ui.ExpectedConditions$7.apply(ExpectedConditions.java:202)
	at org.openqa.selenium.support.ui.FluentWait.until(FluentWait.java:248)
	at com.boddess.utilities.Setup.wait(Setup.java:56)
	at com.boddess.utilities.MyMethods.Login(MyMethods.java:20)
	at com.boddess.testscript.MyAccount.ContactDetails(MyAccount.java:38)
</failure>
  </testcase>
  <testcase name="ChangePassword" classname="com.boddess.testscript.MyAccount" time="120.043">
    <failure message="Expected condition failed: waiting for visibility of element located by By.xpath: //*[@id=&quot;maincontent&quot;]/div[2]/div[1]/div[4]/div[2]/div[1]/div[2]/a[1]/span (tried for 120 second(s) with 500 milliseconds interval)" type="org.openqa.selenium.TimeoutException">org.openqa.selenium.TimeoutException: Expected condition failed: waiting for visibility of element located by By.xpath: //*[@id="maincontent"]/div[2]/div[1]/div[4]/div[2]/div[1]/div[2]/a[1]/span (tried for 120 second(s) with 500 milliseconds interval)
	at org.openqa.selenium.support.ui.ExpectedConditions.lambda$findElement$0(ExpectedConditions.java:896)
	at java.util.Optional.orElseThrow(Optional.java:290)
	at org.openqa.selenium.support.ui.ExpectedConditions.findElement(ExpectedConditions.java:895)
	at org.openqa.selenium.support.ui.ExpectedConditions.access$000(ExpectedConditions.java:44)
	at org.openqa.selenium.support.ui.ExpectedConditions$7.apply(ExpectedConditions.java:206)
	at org.openqa.selenium.support.ui.ExpectedConditions$7.apply(ExpectedConditions.java:202)
	at org.openqa.selenium.support.ui.FluentWait.until(FluentWait.java:248)
	at com.boddess.utilities.Setup.wait(Setup.java:56)
	at com.boddess.testscript.MyAccount.ChangePassword(MyAccount.java:85)
</failure>
  </testcase>
  <testcase name="Newsletter" classname="com.boddess.testscript.MyAccount" time="120.033">
    <failure message="Expected condition failed: waiting for visibility of element located by By.xpath: //div[@class=&apos;box box-newsletter&apos;] (tried for 120 second(s) with 500 milliseconds interval)" type="org.openqa.selenium.TimeoutException">org.openqa.selenium.TimeoutException: Expected condition failed: waiting for visibility of element located by By.xpath: //div[@class='box box-newsletter'] (tried for 120 second(s) with 500 milliseconds interval)
	at org.openqa.selenium.support.ui.ExpectedConditions.lambda$findElement$0(ExpectedConditions.java:896)
	at java.util.Optional.orElseThrow(Optional.java:290)
	at org.openqa.selenium.support.ui.ExpectedConditions.findElement(ExpectedConditions.java:895)
	at org.openqa.selenium.support.ui.ExpectedConditions.access$000(ExpectedConditions.java:44)
	at org.openqa.selenium.support.ui.ExpectedConditions$7.apply(ExpectedConditions.java:206)
	at org.openqa.selenium.support.ui.ExpectedConditions$7.apply(ExpectedConditions.java:202)
	at org.openqa.selenium.support.ui.FluentWait.until(FluentWait.java:248)
	at com.boddess.utilities.Setup.wait(Setup.java:56)
	at com.boddess.testscript.MyAccount.Newsletter(MyAccount.java:117)
</failure>
  </testcase>
  <testcase name="DefaultBillingAddress" classname="com.boddess.testscript.MyAccount" time="120.029">
    <failure message="Expected condition failed: waiting for visibility of element located by By.xpath: //div[@class=&apos;box box-billing-address&apos;] (tried for 120 second(s) with 500 milliseconds interval)" type="org.openqa.selenium.TimeoutException">org.openqa.selenium.TimeoutException: Expected condition failed: waiting for visibility of element located by By.xpath: //div[@class='box box-billing-address'] (tried for 120 second(s) with 500 milliseconds interval)
	at org.openqa.selenium.support.ui.ExpectedConditions.lambda$findElement$0(ExpectedConditions.java:896)
	at java.util.Optional.orElseThrow(Optional.java:290)
	at org.openqa.selenium.support.ui.ExpectedConditions.findElement(ExpectedConditions.java:895)
	at org.openqa.selenium.support.ui.ExpectedConditions.access$000(ExpectedConditions.java:44)
	at org.openqa.selenium.support.ui.ExpectedConditions$7.apply(ExpectedConditions.java:206)
	at org.openqa.selenium.support.ui.ExpectedConditions$7.apply(ExpectedConditions.java:202)
	at org.openqa.selenium.support.ui.FluentWait.until(FluentWait.java:248)
	at com.boddess.utilities.Setup.wait(Setup.java:56)
	at com.boddess.testscript.MyAccount.DefaultBillingAddress(MyAccount.java:145)
</failure>
  </testcase>
  <testcase name="DefaultShippingAddress" classname="com.boddess.testscript.MyAccount" time="120.027">
    <failure message="Expected condition failed: waiting for visibility of element located by By.xpath: //div[@class=&apos;box box-shipping-address&apos;] (tried for 120 second(s) with 500 milliseconds interval)" type="org.openqa.selenium.TimeoutException">org.openqa.selenium.TimeoutException: Expected condition failed: waiting for visibility of element located by By.xpath: //div[@class='box box-shipping-address'] (tried for 120 second(s) with 500 milliseconds interval)
	at org.openqa.selenium.support.ui.ExpectedConditions.lambda$findElement$0(ExpectedConditions.java:896)
	at java.util.Optional.orElseThrow(Optional.java:290)
	at org.openqa.selenium.support.ui.ExpectedConditions.findElement(ExpectedConditions.java:895)
	at org.openqa.selenium.support.ui.ExpectedConditions.access$000(ExpectedConditions.java:44)
	at org.openqa.selenium.support.ui.ExpectedConditions$7.apply(ExpectedConditions.java:206)
	at org.openqa.selenium.support.ui.ExpectedConditions$7.apply(ExpectedConditions.java:202)
	at org.openqa.selenium.support.ui.FluentWait.until(FluentWait.java:248)
	at com.boddess.utilities.Setup.wait(Setup.java:56)
	at com.boddess.testscript.MyAccount.DefaultShippingAddress(MyAccount.java:173)
</failure>
  </testcase>
  <testcase name="ManageAddressLink" classname="com.boddess.testscript.MyAccount" time="120.045">
    <failure message="Expected condition failed: waiting for visibility of element located by By.xpath: //span[contains(text(),&apos;Manage Addresses&apos;)] (tried for 120 second(s) with 500 milliseconds interval)" type="org.openqa.selenium.TimeoutException">org.openqa.selenium.TimeoutException: Expected condition failed: waiting for visibility of element located by By.xpath: //span[contains(text(),'Manage Addresses')] (tried for 120 second(s) with 500 milliseconds interval)
	at org.openqa.selenium.support.ui.ExpectedConditions.lambda$findElement$0(ExpectedConditions.java:896)
	at java.util.Optional.orElseThrow(Optional.java:290)
	at org.openqa.selenium.support.ui.ExpectedConditions.findElement(ExpectedConditions.java:895)
	at org.openqa.selenium.support.ui.ExpectedConditions.access$000(ExpectedConditions.java:44)
	at org.openqa.selenium.support.ui.ExpectedConditions$7.apply(ExpectedConditions.java:206)
	at org.openqa.selenium.support.ui.ExpectedConditions$7.apply(ExpectedConditions.java:202)
	at org.openqa.selenium.support.ui.FluentWait.until(FluentWait.java:248)
	at com.boddess.utilities.Setup.wait(Setup.java:56)
	at com.boddess.testscript.MyAccount.ManageAddressLink(MyAccount.java:201)
</failure>
  </testcase>
  <testcase name="Login" classname="com.boddess.testscript.LoginCheckout" time="142.451">
    <failure message="Expected condition failed: waiting for visibility of element located by By.xpath: //span[normalize-space()=&apos;Proceed&apos;] (tried for 120 second(s) with 500 milliseconds interval)&#10;Build info: version: &apos;3.13.0&apos;, revision: &apos;2f0d292&apos;, time: &apos;2018-06-25T15:24:21.231Z&apos;&#10;System info: host: &apos;AYUSH-HOB&apos;, ip: &apos;172.17.42.72&apos;, os.name: &apos;Windows 10&apos;, os.arch: &apos;amd64&apos;, os.version: &apos;10.0&apos;, java.version: &apos;1.8.0_341&apos;&#10;Driver info: org.openqa.selenium.firefox.FirefoxDriver&#10;Capabilities {acceptInsecureCerts: true, browserName: firefox, browserVersion: 103.0.2, javascriptEnabled: true, moz:accessibilityChecks: false, moz:buildID: 20220808125904, moz:geckodriverVersion: 0.30.0, moz:headless: false, moz:platformVersion: 10.0, moz:processID: 23076, moz:profile: C:\Users\AYUSH~1.SHA\AppDat..., moz:shutdownTimeout: 60000, moz:useNonSpecCompliantPointerOrigin: false, moz:webdriverClick: true, moz:windowless: false, pageLoadStrategy: normal, platform: WINDOWS, platformName: WINDOWS, proxy: Proxy(), setWindowRect: true, strictFileInteractability: false, timeouts: {implicit: 0, pageLoad: 300000, script: 30000}, unhandledPromptBehavior: dismiss and notify}&#10;Session ID: 86f288fd-9ce2-46a9-9212-dd8baee455b7" type="org.openqa.selenium.TimeoutException">org.openqa.selenium.TimeoutException: Expected condition failed: waiting for visibility of element located by By.xpath: //span[normalize-space()='Proceed'] (tried for 120 second(s) with 500 milliseconds interval)
Build info: version: '3.13.0', revision: '2f0d292', time: '2018-06-25T15:24:21.231Z'
System info: host: 'AYUSH-HOB', ip: '172.17.42.72', os.name: 'Windows 10', os.arch: 'amd64', os.version: '10.0', java.version: '1.8.0_341'
Driver info: org.openqa.selenium.firefox.FirefoxDriver
Capabilities {acceptInsecureCerts: true, browserName: firefox, browserVersion: 103.0.2, javascriptEnabled: true, moz:accessibilityChecks: false, moz:buildID: 20220808125904, moz:geckodriverVersion: 0.30.0, moz:headless: false, moz:platformVersion: 10.0, moz:processID: 23076, moz:profile: C:\Users\AYUSH~1.SHA\AppDat..., moz:shutdownTimeout: 60000, moz:useNonSpecCompliantPointerOrigin: false, moz:webdriverClick: true, moz:windowless: false, pageLoadStrategy: normal, platform: WINDOWS, platformName: WINDOWS, proxy: Proxy(), setWindowRect: true, strictFileInteractability: false, timeouts: {implicit: 0, pageLoad: 300000, script: 30000}, unhandledPromptBehavior: dismiss and notify}
Session ID: 86f288fd-9ce2-46a9-9212-dd8baee455b7
	at org.openqa.selenium.support.ui.WebDriverWait.timeoutException(WebDriverWait.java:81)
	at org.openqa.selenium.support.ui.FluentWait.until(FluentWait.java:271)
	at com.boddess.utilities.Setup.wait(Setup.java:56)
	at com.boddess.testscript.LoginCheckout.Login(LoginCheckout.java:51)
</failure>
    <system-err><![CDATA[console.warn: LoginRecipes: "getRecipes: falling back to a synchronous message for:" "https://www.boddess.com"
JavaScript error: https://www.boddess.com/static/version1661236894/frontend/Ktpl/boddess/en_US/magepack/bundle-common.min.js, line 1: TypeError: i is undefined
console.warn: LoginRecipes: "getRecipes: falling back to a synchronous message for:" "https://www.boddess.com"
console.warn: LoginRecipes: "getRecipes: falling back to a synchronous message for:" "https://www.boddess.com"
console.warn: LoginRecipes: "getRecipes: falling back to a synchronous message for:" "https://www.boddess.com"
console.warn: LoginRecipes: "getRecipes: falling back to a synchronous message for:" "https://www.boddess.com"
console.warn: LoginRecipes: "getRecipes: falling back to a synchronous message for:" "https://www.boddess.com"
console.warn: LoginRecipes: "getRecipes: falling back to a synchronous message for:" "https://www.boddess.com"
console.warn: LoginRecipes: "getRecipes: falling back to a synchronous message for:" "https://www.boddess.com"
console.warn: LoginRecipes: "getRecipes: falling back to a synchronous message for:" "https://www.boddess.com"
console.warn: LoginRecipes: "getRecipes: falling back to a synchronous message for:" "https://www.boddess.com"
1661297353514	Marionette	WARN	TimedPromise timed out after 500 ms: stacktrace:
TimedPromise/<@chrome://remote/content/marionette/sync.js:237:24
TimedPromise@chrome://remote/content/marionette/sync.js:222:10
interaction.flushEventLoop@chrome://remote/content/marionette/interaction.js:431:10
webdriverClickElement@chrome://remote/content/marionette/interaction.js:179:31
JavaScript error: https://d1w4iaoithra2p.cloudfront.net/js/init.js?s=https://www.boddess.com/-1&u=UKMjGpo3uKTadjVi3o7zX9cybfBELDeH&v=ha6FRm9HLHFk3kmd, line 32: TypeError: r is null
]]></system-err>
  </testcase>
</testsuite>